 -1.00000000E+00 -9.54110665E-17 -3.71958067E-16 -6.37264721E-15
 -9.98665777E-01  6.12863790E-17 -1.66711308E-16 -3.03926894E-15
 -9.97331554E-01  3.43250446E-17 -7.12246584E-17 -7.03421214E-16
 -9.95997332E-01 -8.06458332E-17 -3.51126665E-17  8.54136494E-16
 -9.94663109E-01  7.84081349E-18  3.91847903E-17  1.85130501E-15
 -9.93328886E-01  4.73854772E-18  6.08197921E-17  2.36191207E-15
 -9.91994663E-01 -3.23389474E-17  1.12545294E-16  2.54002020E-15
 -9.90660440E-01  1.34724794E-17  1.12648834E-16  2.38550138E-15
 -9.89326217E-01  1.84860241E-17  1.04426288E-16  2.08348733E-15
 -9.87991995E-01 -2.55577696E-18  3.29533354E-17  1.63056254E-15
 -9.86657772E-01 -8.01829954E-18 -7.66728305E-19  1.09603149E-15
 -9.85323549E-01  1.35868776E-17  3.92754744E-17  6.47798106E-16
 -9.83989326E-01 -2.77054732E-17 -2.69431830E-17  1.13028779E-16
 -9.82655103E-01  5.38009252E-17 -1.49573092E-17 -3.37744711E-16
 -9.81320881E-01 -1.19161702E-17 -7.21431783E-17 -7.87211132E-16
 -9.79986658E-01 -5.12297806E-17 -5.94677233E-17 -1.12536653E-15
 -9.78652435E-01  3.90400520E-17 -3.19922627E-17 -1.41078865E-15
 -9.77318212E-01 -2.19963966E-17 -9.97902180E-17 -1.64567830E-15
 -9.75983989E-01 -4.47384225E-17 -1.15649278E-16 -1.82869304E-15
 -9.74649767E-01  4.74095094E-17 -7.45861654E-17 -1.87120728E-15
 -9.73315544E-01 -9.39911753E-19 -1.03097378E-16 -1.90101132E-15
 -9.71981321E-01  4.77235799E-17 -5.81249088E-17 -1.86042435E-15
 -9.70647098E-01  4.56946342E-17 -7.36989085E-17 -1.76631073E-15
 -9.69312875E-01  6.97042307E-17 -9.84682190E-17 -1.65026506E-15
 -9.67978652E-01  1.44846942E-17 -5.59217168E-17 -1.46313338E-15
 -9.66644430E-01 -4.46328495E-17 -5.04544316E-17 -1.23649907E-15
 -9.65310207E-01  2.10153830E-17 -4.68852737E-17 -1.04182312E-15
 -9.63975984E-01 -4.99930349E-17 -5.39543347E-17 -7.97615017E-16
 -9.62641761E-01 -1.52849726E-17 -2.43214861E-17 -5.31404881E-16
 -9.61307538E-01  8.71503678E-17 -1.40596856E-17 -2.66669023E-16
 -9.59973316E-01  3.26424090E-17  2.54361136E-17  1.54855008E-17
 -9.58639093E-01  4.96999396E-17  2.24898734E-17  2.48113137E-16
 -9.57304870E-01 -2.47624217E-17  1.35242230E-17  4.75092509E-16
 -9.55970647E-01 -2.58114713E-17  3.93027393E-17  7.24335248E-16
 -9.54636424E-01  3.59650924E-17  3.25805616E-17  8.97294925E-16
 -9.53302201E-01  5.08067902E-17  3.68952048E-17  1.07128809E-15
 -9.51967979E-01 -5.62065234E-17  6.13073966E-17  1.24679715E-15
 -9.50633756E-01  4.31966440E-17  8.28077245E-17  1.39577433E-15
 -9.49299533E-01  9.16344887E-17  9.84984275E-17  1.50209315E-15
 -9.47965310E-01  4.26354071E-17  9.80876662E-17  1.58782360E-15
 -9.46631087E-01  5.27917289E-17  1.14995515E-16  1.64610311E-15
 -9.45296865E-01 -2.62039140E-19  7.55334472E-17  1.64929297E-15
 -9.43962642E-01  9.48295663E-18  8.54277084E-17  1.68292188E-15
 -9.42628419E-01  5.24948008E-17  8.88044162E-17  1.65614227E-15
 -9.41294196E-01  9.34053168E-17  8.93063785E-17  1.59945921E-15
 -9.39959973E-01 -7.52549187E-18  8.62086592E-17  1.56353482E-15
 -9.38625751E-01  4.49508643E-18  7.91792161E-17  1.47757733E-15
 -9.37291528E-01  3.71603441E-17  8.11808668E-17  1.37837701E-15
 -9.35957305E-01  1.58011612E-17  7.08584486E-17  1.26405530E-15
 -9.34623082E-01  4.40618165E-17  5.09431346E-17  1.13091872E-15
 -9.33288859E-01  1.73371101E-17  5.63348531E-17  1.02874631E-15
 -9.31954636E-01  9.39574439E-18  4.26059700E-17  8.75948197E-16
 -9.30620414E-01 -2.53175998E-17  2.05404172E-17  7.53692475E-16
 -9.29286191E-01  3.25556106E-17  1.56699021E-17  5.89285357E-16
 -9.27951968E-01  6.70134479E-17  2.36862879E-17  4.60405648E-16
 -9.26617745E-01  2.11751708E-17  1.16228815E-17  2.95379570E-16
 -9.25283522E-01  6.81036960E-17  1.00268963E-17  1.75732503E-16
 -9.23949300E-01  2.82352366E-17 -1.42650434E-17  1.90291577E-17
 -9.22615077E-01 -8.63154445E-18 -1.71874401E-17 -9.04985222E-17
 -9.21280854E-01  3.19622565E-18 -3.54727819E-17 -2.21525615E-16
 -9.19946631E-01  3.70254939E-17 -3.03359823E-17 -3.32909328E-16
 -9.18612408E-01  7.97390169E-17 -3.13421662E-17 -4.30111005E-16
 -9.17278185E-01  4.55705273E-17 -4.03637970E-17 -5.18084326E-16
 -9.15943963E-01  9.57187218E-18 -7.56121830E-17 -6.05424932E-16
 -9.14609740E-01  3.06099937E-17 -6.27041123E-17 -6.44581035E-16
 -9.13275517E-01  6.45840998E-17 -5.91516265E-17 -6.73696146E-16
 -9.11941294E-01  1.14987808E-17 -7.34867764E-17 -7.14303815E-16
 -9.10607071E-01 -2.29897117E-17 -8.27291183E-17 -7.21130478E-16
 -9.09272849E-01  3.56084287E-17 -9.49210473E-17 -7.10619841E-16
 -9.07938626E-01 -1.82106328E-17 -9.61412973E-17 -6.53440514E-16
 -9.06604403E-01  2.46255467E-17 -1.05064379E-16 -6.12569673E-16
 -9.05270180E-01  3.50332053E-17 -9.21889826E-17 -5.23076300E-16
 -9.03935957E-01  4.66955474E-17 -1.05395824E-16 -4.46085234E-16
 -9.02601734E-01 -2.15836688E-17 -1.20580088E-16 -3.43171151E-16
 -9.01267512E-01  4.09041832E-17 -1.11471334E-16 -2.27370886E-16
 -8.99933289E-01 -1.66397986E-17 -1.34925879E-16 -8.20922706E-17
 -8.98599066E-01  2.78329868E-17 -1.13861376E-16  9.96903908E-17
 -8.97264843E-01  2.53491515E-17 -1.10486002E-16  2.72259062E-16
 -8.95930620E-01 -1.68332660E-17 -1.36707074E-16  4.57019479E-16
 -8.94596398E-01  4.97564120E-18 -1.22146247E-16  7.19099684E-16
 -8.93262175E-01  4.85101142E-17 -1.26613208E-16  9.35802303E-16
 -8.91927952E-01  1.86965652E-17 -1.33214706E-16  1.19075418E-15
 -8.90593729E-01  1.17891483E-17 -1.38018933E-16  1.47835155E-15
 -8.89259506E-01  4.95862568E-17 -1.56757016E-16  1.74936050E-15
 -8.87925284E-01  2.16741750E-18 -1.71040003E-16  2.07146073E-15
 -8.86591061E-01  1.16371530E-17 -1.52718195E-16  2.42183306E-15
 -8.85256838E-01  5.11330380E-17 -1.63023952E-16  2.77070861E-15
 -8.83922615E-01  1.41546048E-17 -1.75043786E-16  3.13142555E-15
 -8.82588392E-01  4.37355965E-17 -1.80933585E-16  3.52299475E-15
 -8.81254169E-01  4.73691716E-17 -1.96395196E-16  3.92105847E-15
 -8.79919947E-01  6.52572736E-18 -1.89929419E-16  4.38865595E-15
 -8.78585724E-01  3.80142326E-17 -2.12347824E-16  4.82111855E-15
 -8.77251501E-01  7.22087410E-17 -2.14545096E-16  5.30770264E-15
 -8.75917278E-01  4.78816756E-17 -2.39519709E-16  5.78963256E-15
 -8.74583055E-01  5.50951174E-17 -2.65169501E-16  6.31788523E-15
 -8.73248833E-01  5.81100775E-17 -2.79908598E-16  6.85371400E-15
 -8.71914610E-01 -3.28411469E-17 -3.19846291E-16  7.41175653E-15
 -8.70580387E-01  5.67860265E-17 -3.24755535E-16  8.02614209E-15
 -8.69246164E-01  3.75555652E-17 -3.80393952E-16  8.63233136E-15
 -8.67911941E-01  5.23752807E-17 -4.08533240E-16  9.31424967E-15
 -8.66577718E-01  3.78994855E-17 -4.49499676E-16  1.00010584E-14
 -8.65243496E-01  1.60117377E-17 -4.82773548E-16  1.07362372E-14
 -8.63909273E-01 -2.37662567E-18 -5.12005167E-16  1.15307892E-14
 -8.62575050E-01  6.48791344E-17 -5.40002910E-16  1.23461907E-14
 -8.61240827E-01  8.88939497E-17 -5.87356699E-16  1.32262522E-14
 -8.59906604E-01  6.72912901E-17 -6.35741126E-16  1.41425146E-14
 -8.58572382E-01  9.15809024E-17 -6.89536597E-16  1.50936347E-14
 -8.57238159E-01  3.93717030E-17 -7.65332904E-16  1.61387538E-14
 -8.55903936E-01  5.21064003E-17 -8.38312650E-16  1.71906568E-14
 -8.54569713E-01  7.49137745E-17 -8.77943566E-16  1.83709164E-14
 -8.53235490E-01  1.20450505E-16 -9.42999654E-16  1.95999985E-14
 -8.51901268E-01  6.57902456E-17 -1.03054797E-15  2.09004138E-14
 -8.50567045E-01  9.09431211E-17 -1.10824372E-15  2.22770853E-14
 -8.49232822E-01  1.41095230E-16 -1.20155740E-15  2.37506422E-14
 -8.47898599E-01  1.06053129E-16 -1.29931799E-15  2.52951079E-14
 -8.46564376E-01  8.29432009E-17 -1.39710104E-15  2.69683032E-14
 -8.45230153E-01  8.20961300E-17 -1.51429698E-15  2.87436209E-14
 -8.43895931E-01  9.88080403E-17 -1.64211958E-15  3.05865735E-14
 -8.42561708E-01  8.55927175E-17 -1.76685777E-15  3.26000583E-14
 -8.41227485E-01  1.40743199E-16 -1.90462413E-15  3.47115065E-14
 -8.39893262E-01  9.17620672E-17 -2.04367702E-15  3.69863122E-14
 -8.38559039E-01  8.35466246E-17 -2.19766893E-15  3.94088409E-14
 -8.37224817E-01  1.79192564E-16 -2.33223577E-15  4.19918595E-14
 -8.35890594E-01  1.19343782E-16 -2.52069476E-15  4.46972794E-14
 -8.34556371E-01  1.41343820E-16 -2.71166465E-15  4.76016499E-14
 -8.33222148E-01  1.99609724E-16 -2.89397275E-15  5.07070628E-14
 -8.31887925E-01  1.78120925E-16 -3.09385857E-15  5.40074872E-14
 -8.30553702E-01  1.48281469E-16 -3.32307098E-15  5.74948587E-14
 -8.29219480E-01  2.11317370E-16 -3.54034051E-15  6.12189634E-14
 -8.27885257E-01  2.39636871E-16 -3.78643199E-15  6.51652783E-14
 -8.26551034E-01  1.97523286E-16 -4.05619507E-15  6.93710954E-14
 -8.25216811E-01  2.70928938E-16 -4.31273819E-15  7.38585681E-14
 -8.23882588E-01  2.33921017E-16 -4.62329675E-15  7.85894985E-14
 -8.22548366E-01  2.83667670E-16 -4.92536703E-15  8.36510308E-14
 -8.21214143E-01  3.21662328E-16 -5.25040871E-15  8.90001515E-14
 -8.19879920E-01  3.01469667E-16 -5.62137091E-15  9.46693402E-14
 -8.18545697E-01  3.69758539E-16 -5.95713003E-15  1.00733438E-13
 -8.17211474E-01  3.56436145E-16 -6.40941890E-15  1.07068154E-13
 -8.15877252E-01  3.55011120E-16 -6.82243343E-15  1.13850147E-13
 -8.14543029E-01  4.00605126E-16 -7.28513569E-15  1.21030666E-13
 -8.13208806E-01  4.64104275E-16 -7.72191646E-15  1.28661230E-13
 -8.11874583E-01  4.60750301E-16 -8.22644170E-15  1.36726322E-13
 -8.10540360E-01  4.85134806E-16 -8.75005023E-15  1.45283273E-13
 -8.09206137E-01  5.60593140E-16 -9.29365412E-15  1.54352681E-13
 -8.07871915E-01  5.35435419E-16 -9.93430564E-15  1.63885343E-13
 -8.06537692E-01  5.89012899E-16 -1.05446774E-14  1.74043263E-13
 -8.05203469E-01  6.26607747E-16 -1.12327699E-14  1.84735591E-13
 -8.03869246E-01  6.45341996E-16 -1.19370800E-14  1.96084736E-13
 -8.02535023E-01  7.14299385E-16 -1.26589473E-14  2.08108469E-13
 -8.01200801E-01  7.72706168E-16 -1.34428293E-14  2.20781883E-13
 -7.99866578E-01  7.98872759E-16 -1.42670851E-14  2.34206923E-13
 -7.98532355E-01  8.61845765E-16 -1.51767992E-14  2.48329286E-13
 -7.97198132E-01  9.03302924E-16 -1.61320711E-14  2.63279226E-13
 -7.95863909E-01  9.66548449E-16 -1.71134087E-14  2.79086954E-13
 -7.94529686E-01  1.03567173E-15 -1.81573242E-14  2.95770880E-13
 -7.93195464E-01  1.13045859E-15 -1.92509764E-14  3.13370458E-13
 -7.91861241E-01  1.18181899E-15 -2.04190835E-14  3.31936377E-13
 -7.90527018E-01  1.28204663E-15 -2.16414259E-14  3.51542534E-13
 -7.89192795E-01  1.34946770E-15 -2.29576051E-14  3.72216372E-13
 -7.87858572E-01  1.41423254E-15 -2.43357130E-14  3.94005510E-13
 -7.86524350E-01  1.49644573E-15 -2.58136996E-14  4.16994295E-13
 -7.85190127E-01  1.63259326E-15 -2.73228606E-14  4.41246550E-13
 -7.83855904E-01  1.66430487E-15 -2.89891864E-14  4.66749183E-13
 -7.82521681E-01  1.83464048E-15 -3.06837692E-14  4.93692077E-13
 -7.81187458E-01  1.93133560E-15 -3.24938920E-14  5.22029837E-13
 -7.79853235E-01  2.00768330E-15 -3.44122134E-14  5.51902293E-13
 -7.78519013E-01  2.14934389E-15 -3.64212993E-14  5.83347705E-13
 -7.77184790E-01  2.26159704E-15 -3.85657992E-14  6.16459561E-13
 -7.75850567E-01  2.40237112E-15 -4.08148688E-14  6.51307033E-13
 -7.74516344E-01  2.57834874E-15 -4.31663184E-14  6.88008692E-13
 -7.73182121E-01  2.71187715E-15 -4.56825860E-14  7.26603484E-13
 -7.71847899E-01  2.84934522E-15 -4.82988773E-14  7.67250753E-13
 -7.70513676E-01  3.02697997E-15 -5.10805599E-14  8.09962597E-13
 -7.69179453E-01  3.22042005E-15 -5.40040419E-14  8.54907453E-13
 -7.67845230E-01  3.38968832E-15 -5.71100455E-14  9.02158310E-13
 -7.66511007E-01  3.59053045E-15 -6.03440605E-14  9.51876881E-13
 -7.65176785E-01  3.82984182E-15 -6.37552394E-14  1.00410692E-12
 -7.63842562E-01  4.03231338E-15 -6.73651964E-14  1.05903613E-12
 -7.62508339E-01  4.25897912E-15 -7.11847477E-14  1.11674265E-12
 -7.61174116E-01  4.54092426E-15 -7.51558782E-14  1.17737950E-12
 -7.59839893E-01  4.76872251E-15 -7.93733029E-14  1.24108262E-12
 -7.58505670E-01  5.07887402E-15 -8.37938986E-14  1.30800001E-12
 -7.57171448E-01  5.32800821E-15 -8.84605039E-14  1.37827663E-12
 -7.55837225E-01  5.65184631E-15 -9.33673080E-14  1.45203677E-12
 -7.54503002E-01  5.99885292E-15 -9.85274351E-14  1.52952888E-12
 -7.53168779E-01  6.30242048E-15 -1.03960071E-13  1.61086576E-12
 -7.51834556E-01  6.68416650E-15 -1.09653425E-13  1.69625672E-12
 -7.50500334E-01  7.02485553E-15 -1.15679196E-13  1.78582935E-12
 -7.49166111E-01  7.46339647E-15 -1.21981859E-13  1.87983979E-12
 -7.47831888E-01  7.84776439E-15 -1.28604338E-13  1.97848597E-12
 -7.46497665E-01  8.29614171E-15 -1.35600036E-13  2.08194586E-12
 -7.45163442E-01  8.75593928E-15 -1.42917914E-13  2.19047549E-12
 -7.43829219E-01  9.20484541E-15 -1.50633347E-13  2.30426286E-12
 -7.42494997E-01  9.77263268E-15 -1.58717860E-13  2.42361215E-12
 -7.41160774E-01  1.03002075E-14 -1.67220087E-13  2.54871825E-12
 -7.39826551E-01  1.08410723E-14 -1.76145609E-13  2.67986321E-12
 -7.38492328E-01  1.14690317E-14 -1.85493134E-13  2.81735006E-12
 -7.37158105E-01  1.20937217E-14 -1.95370995E-13  2.96137304E-12
 -7.35823883E-01  1.27688300E-14 -2.05691703E-13  3.11233720E-12
 -7.34489660E-01  1.34673462E-14 -2.16539048E-13  3.27047552E-12
 -7.33155437E-01  1.42009797E-14 -2.27937646E-13  3.43613068E-12
 -7.31821214E-01  1.49200697E-14 -2.39890408E-13  3.60966340E-12
 -7.30486991E-01  1.57326003E-14 -2.52430020E-13  3.79137724E-12
 -7.29152769E-01  1.66209376E-14 -2.65588734E-13  3.98166623E-12
 -7.27818546E-01  1.74574440E-14 -2.79403103E-13  4.18090894E-12
 -7.26484323E-01  1.84528256E-14 -2.93830397E-13  4.38951536E-12
 -7.25150100E-01  1.94203710E-14 -3.09044313E-13  4.60781665E-12
 -7.23815877E-01  2.04557435E-14 -3.24945699E-13  4.83631177E-12
 -7.22481654E-01  2.15664686E-14 -3.41628252E-13  5.07542681E-12
 -7.21147432E-01  2.26669246E-14 -3.59137562E-13  5.32561590E-12
 -7.19813209E-01  2.38575515E-14 -3.77441538E-13  5.58740464E-12
 -7.18478986E-01  2.51265791E-14 -3.96680804E-13  5.86117994E-12
 -7.17144763E-01  2.64574953E-14 -4.16812842E-13  6.14757644E-12
 -7.15810540E-01  2.78752802E-14 -4.37908022E-13  6.44709576E-12
 -7.14476318E-01  2.92918021E-14 -4.60001412E-13  6.76029645E-12
 -7.13142095E-01  3.08408934E-14 -4.83155648E-13  7.08775434E-12
 -7.11807872E-01  3.24421741E-14 -5.07409410E-13  7.43010105E-12
 -7.10473649E-01  3.40715126E-14 -5.32805960E-13  7.78795833E-12
 -7.09139426E-01  3.58353242E-14 -5.59400784E-13  8.16196803E-12
 -7.07805203E-01  3.77194873E-14 -5.87213595E-13  8.55287337E-12
 -7.06470981E-01  3.96297100E-14 -6.16377421E-13  8.96128626E-12
 -7.05136758E-01  4.16677765E-14 -6.46864734E-13  9.38803991E-12
 -7.03802535E-01  4.37766083E-14 -6.78811427E-13  9.83384142E-12
 -7.02468312E-01  4.60666486E-14 -7.12199998E-13  1.02995457E-11
 -7.01134089E-01  4.84006880E-14 -7.47155362E-13  1.07859294E-11
 -6.99799867E-01  5.08260425E-14 -7.83745803E-13  1.12938403E-11
 -6.98465644E-01  5.33982066E-14 -8.21997688E-13  1.18242489E-11
 -6.97131421E-01  5.60706295E-14 -8.62026923E-13  1.23780382E-11
 -6.95797198E-01  5.88934894E-14 -9.03877969E-13  1.29561640E-11
 -6.94462975E-01  6.18640330E-14 -9.47646224E-13  1.35596503E-11
 -6.93128753E-01  6.49433685E-14 -9.93432887E-13  1.41895227E-11
 -6.91794530E-01  6.81698176E-14 -1.04128010E-12  1.48468791E-11
 -6.90460307E-01  7.15471468E-14 -1.09131720E-12  1.55328524E-11
 -6.89126084E-01  7.51121024E-14 -1.14360618E-12  1.62485711E-11
 -6.87791861E-01  7.88448593E-14 -1.19824221E-12  1.69952914E-11
 -6.86457638E-01  8.27431690E-14 -1.25535369E-12  1.77742367E-11
 -6.85123416E-01  8.68108617E-14 -1.31504169E-12  1.85867271E-11
 -6.83789193E-01  9.10646698E-14 -1.37741837E-12  1.94340858E-11
 -6.82454970E-01  9.55521046E-14 -1.44254426E-12  2.03177953E-11
 -6.81120747E-01  1.00202745E-13 -1.51061356E-12  2.12391930E-11
 -6.79786524E-01  1.05061880E-13 -1.58170411E-12  2.21999009E-11
 -6.78452302E-01  1.10182940E-13 -1.65593449E-12  2.32014406E-11
 -6.77118079E-01  1.15510235E-13 -1.73347843E-12  2.42454304E-11
 -6.75783856E-01  1.21150010E-13 -1.81439541E-12  2.53336147E-11
 -6.74449633E-01  1.26974028E-13 -1.89892350E-12  2.64676847E-11
 -6.73115410E-01  1.33111541E-13 -1.98714980E-12  2.76494727E-11
 -6.71781187E-01  1.39511008E-13 -2.07924700E-12  2.88808634E-11
 -6.70446965E-01  1.46127165E-13 -2.17538422E-12  3.01638168E-11
 -6.69112742E-01  1.53140122E-13 -2.27571148E-12  3.15003486E-11
 -6.67778519E-01  1.60448943E-13 -2.38039499E-12  3.28925997E-11
 -6.66444296E-01  1.68087798E-13 -2.48964508E-12  3.43426745E-11
 -6.65110073E-01  1.76051182E-13 -2.60361778E-12  3.58528719E-11
 -6.63775851E-01  1.84392494E-13 -2.72250259E-12  3.74255532E-11
 -6.62441628E-01  1.93102885E-13 -2.84653511E-12  3.90630886E-11
 -6.61107405E-01  2.02223144E-13 -2.97588553E-12  4.07680281E-11
 -6.59773182E-01  2.11720951E-13 -3.11079680E-12  4.25429673E-11
 -6.58438959E-01  2.21671431E-13 -3.25149093E-12  4.43905733E-11
 -6.57104736E-01  2.32025161E-13 -3.39820576E-12  4.63136691E-11
 -6.55770514E-01  2.42873110E-13 -3.55112925E-12  4.83151874E-11
 -6.54436291E-01  2.54149120E-13 -3.71061968E-12  5.03980593E-11
 -6.53102068E-01  2.65970126E-13 -3.87683510E-12  5.25654384E-11
 -6.51767845E-01  2.78318194E-13 -4.05008829E-12  5.48205171E-11
 -6.50433622E-01  2.91169227E-13 -4.23067439E-12  5.71666274E-11
 -6.49099400E-01  3.04606660E-13 -4.41885769E-12  5.96072469E-11
 -6.47765177E-01  3.18634601E-13 -4.61497738E-12  6.21458996E-11
 -6.46430954E-01  3.33278781E-13 -4.81926659E-12  6.47863534E-11
 -6.45096731E-01  3.48572436E-13 -5.03213094E-12  6.75323995E-11
 -6.43762508E-01  3.64479111E-13 -5.25390462E-12  7.03880236E-11
 -6.42428286E-01  3.81121579E-13 -5.48491873E-12  7.33572977E-11
 -6.41094063E-01  3.98478940E-13 -5.72551997E-12  7.64445027E-11
 -6.39759840E-01  4.16561639E-13 -5.97610408E-12  7.96540414E-11
 -6.38425617E-01  4.35436023E-13 -6.23704150E-12  8.29904456E-11
 -6.37091394E-01  4.55146837E-13 -6.50878047E-12  8.64584560E-11
 -6.35757171E-01  4.75693155E-13 -6.79170217E-12  9.00629280E-11
 -6.34422949E-01  4.97094528E-13 -7.08625865E-12  9.38089103E-11
 -6.33088726E-01  5.19427857E-13 -7.39288205E-12  9.77016262E-11
 -6.31754503E-01  5.42708781E-13 -7.71207030E-12  1.01746493E-10
 -6.30420280E-01  5.66971398E-13 -8.04432378E-12  1.05949064E-10
 -6.29086057E-01  5.92289043E-13 -8.39006954E-12  1.10315162E-10
 -6.27751835E-01  6.18660946E-13 -8.74990427E-12  1.14850726E-10
 -6.26417612E-01  6.46139983E-13 -9.12435003E-12  1.19561976E-10
 -6.25083389E-01  6.74822703E-13 -9.51392196E-12  1.24455321E-10
 -6.23749166E-01  7.04629442E-13 -9.91927183E-12  1.29537304E-10
 -6.22414943E-01  7.35769651E-13 -1.03409277E-11  1.34814852E-10
 -6.21080720E-01  7.68200656E-13 -1.07795500E-11  1.40294984E-10
 -6.19746498E-01  8.01980835E-13 -1.12357809E-11  1.45985045E-10
 -6.18412275E-01  8.37155220E-13 -1.17103236E-11  1.51892553E-10
 -6.17078052E-01  8.73814134E-13 -1.22038143E-11  1.58025351E-10
 -6.15743829E-01  9.11996784E-13 -1.27169907E-11  1.64391548E-10
 -6.14409606E-01  9.51737561E-13 -1.32505998E-11  1.70999449E-10
 -6.13075384E-01  9.93157737E-13 -1.38054008E-11  1.77857692E-10
 -6.11741161E-01  1.03626699E-12 -1.43821922E-11  1.84975241E-10
 -6.10406938E-01  1.08117875E-12 -1.49818162E-11  1.92361256E-10
 -6.09072715E-01  1.12791559E-12 -1.56051039E-11  2.00025314E-10
 -6.07738492E-01  1.17659698E-12 -1.62529435E-11  2.07977241E-10
 -6.06404270E-01  1.22722010E-12 -1.69262574E-11  2.16227227E-10
 -6.05070047E-01  1.27998306E-12 -1.76259879E-11  2.24785737E-10
 -6.03735824E-01  1.33486646E-12 -1.83531226E-11  2.33663672E-10
 -6.02401601E-01  1.39197643E-12 -1.91086795E-11  2.42872229E-10
 -6.01067378E-01  1.45143042E-12 -1.98936632E-11  2.52423031E-10
 -5.99733155E-01  1.51325778E-12 -2.07092325E-11  2.62327976E-10
 -5.98398933E-01  1.57767676E-12 -2.15564366E-11  2.72599497E-10
 -5.97064710E-01  1.64464306E-12 -2.24365108E-11  2.83250302E-10
 -5.95730487E-01  1.71430928E-12 -2.33506270E-11  2.94293592E-10
 -5.94396264E-01  1.78677922E-12 -2.43000156E-11  3.05743021E-10
 -5.93062041E-01  1.86218447E-12 -2.52859903E-11  3.17612569E-10
 -5.91727819E-01  1.94064785E-12 -2.63098468E-11  3.29916824E-10
 -5.90393596E-01  2.02217930E-12 -2.73730336E-11  3.42670691E-10
 -5.89059373E-01  2.10702957E-12 -2.84769078E-11  3.55889742E-10
 -5.87725150E-01  2.19523214E-12 -2.96229860E-11  3.69589841E-10
 -5.86390927E-01  2.28693640E-12 -3.08127922E-11  3.83787516E-10
 -5.85056704E-01  2.38233085E-12 -3.20478730E-11  3.98499805E-10
 -5.83722482E-01  2.48145139E-12 -3.33299054E-11  4.13744227E-10
 -5.82388259E-01  2.58454392E-12 -3.46605309E-11  4.29538940E-10
 -5.81054036E-01  2.69169791E-12 -3.60415404E-11  4.45902600E-10
 -5.79719813E-01  2.80306207E-12 -3.74747052E-11  4.62854559E-10
 -5.78385590E-01  2.91884554E-12 -3.89618868E-11  4.80414719E-10
 -5.77051368E-01  3.03914159E-12 -4.05050516E-11  4.98603587E-10
 -5.75717145E-01  3.16419935E-12 -4.21061725E-11  5.17442394E-10
 -5.74382922E-01  3.29410274E-12 -4.37672916E-11  5.36953028E-10
 -5.73048699E-01  3.42912594E-12 -4.54905672E-11  5.57158032E-10
 -5.71714476E-01  3.56941401E-12 -4.72781881E-11  5.78080670E-10
 -5.70380254E-01  3.71512000E-12 -4.91324294E-11  5.99744978E-10
 -5.69046031E-01  3.86655435E-12 -5.10556349E-11  6.22175703E-10
 -5.67711808E-01  4.02381523E-12 -5.30502751E-11  6.45398353E-10
 -5.66377585E-01  4.18716097E-12 -5.51188113E-11  6.69439332E-10
 -5.65043362E-01  4.35687118E-12 -5.72638564E-11  6.94325738E-10
 -5.63709139E-01  4.53308150E-12 -5.94880984E-11  7.20085621E-10
 -5.62374917E-01  4.71609152E-12 -6.17942936E-11  7.46747853E-10
 -5.61040694E-01  4.90617905E-12 -6.41853170E-11  7.74342203E-10
 -5.59706471E-01  5.10350817E-12 -6.66641168E-11  8.02899372E-10
 -5.58372248E-01  5.30838284E-12 -6.92337553E-11  8.32451011E-10
 -5.57038025E-01  5.52112821E-12 -7.18973824E-11  8.63029743E-10
 -5.55703803E-01  5.74200962E-12 -7.46582230E-11  8.94669237E-10
 -5.54369580E-01  5.97127177E-12 -7.75196890E-11  9.27404130E-10
 -5.53035357E-01  6.20928313E-12 -8.04852264E-11  9.61270174E-10
 -5.51701134E-01  6.45631390E-12 -8.35584410E-11  9.96304173E-10
 -5.50366911E-01  6.71271176E-12 -8.67430158E-11  1.03254412E-09
 -5.49032688E-01  6.97883716E-12 -9.00427812E-11  1.07002913E-09
 -5.47698466E-01  7.25497998E-12 -9.34617122E-11  1.10879947E-09
 -5.46364243E-01  7.54151375E-12 -9.70038676E-11  1.14889673E-09
 -5.45030020E-01  7.83889337E-12 -1.00673434E-10  1.19036372E-09
 -5.43695797E-01  8.14739596E-12 -1.04474817E-10  1.23324445E-09
 -5.42361574E-01  8.46750310E-12 -1.08412437E-10  1.27758442E-09
 -5.41027352E-01  8.79959918E-12 -1.12490965E-10  1.32343044E-09
 -5.39693129E-01  9.14405712E-12 -1.16715163E-10  1.37083068E-09
 -5.38358906E-01  9.50141399E-12 -1.21089973E-10  1.41983485E-09
 -5.37024683E-01  9.87205860E-12 -1.25620494E-10  1.47049405E-09
 -5.35690460E-01  1.02565026E-11 -1.30311955E-10  1.52286106E-09
 -5.34356237E-01  1.06552003E-11 -1.35169815E-10  1.57699004E-09
 -5.33022015E-01  1.10686911E-11 -1.40199624E-10  1.63293698E-09
 -5.31687792E-01  1.14974600E-11 -1.45407196E-10  1.69075937E-09
 -5.30353569E-01  1.19420795E-11 -1.50798477E-10  1.75051650E-09
 -5.29019346E-01  1.24031198E-11 -1.56379584E-10  1.81226943E-09
 -5.27685123E-01  1.28810859E-11 -1.62156888E-10  1.87608097E-09
 -5.26350901E-01  1.33766378E-11 -1.68136918E-10  1.94201581E-09
 -5.25016678E-01  1.38903538E-11 -1.74326468E-10  2.01014057E-09
 -5.23682455E-01  1.44228663E-11 -1.80732422E-10  2.08052387E-09
 -5.22348232E-01  1.49748980E-11 -1.87361990E-10  2.15323627E-09
 -5.21014009E-01  1.55471006E-11 -1.94222582E-10  2.22835043E-09
 -5.19679787E-01  1.61400938E-11 -2.01321843E-10  2.30594121E-09
 -5.18345564E-01  1.67546622E-11 -2.08667654E-10  2.38608554E-09
 -5.17011341E-01  1.73915850E-11 -2.16268093E-10  2.46886273E-09
 -5.15677118E-01  1.80515945E-11 -2.24131574E-10  2.55435430E-09
 -5.14342895E-01  1.87355161E-11 -2.32266734E-10  2.64264420E-09
 -5.13008672E-01  1.94441000E-11 -2.40682476E-10  2.73381880E-09
 -5.11674450E-01  2.01783277E-11 -2.49387970E-10  2.82796699E-09
 -5.10340227E-01  2.09389455E-11 -2.58392705E-10  2.92518023E-09
 -5.09006004E-01  2.17269623E-11 -2.67706422E-10  3.02555261E-09
 -5.07671781E-01  2.25432663E-11 -2.77339165E-10  3.12918102E-09
 -5.06337558E-01  2.33888397E-11 -2.87301341E-10  3.23616498E-09
 -5.05003336E-01  2.42646484E-11 -2.97603613E-10  3.34660704E-09
 -5.03669113E-01  2.51717818E-11 -3.08257056E-10  3.46061255E-09
 -5.02334890E-01  2.61112262E-11 -3.19272991E-10  3.57829003E-09
 -5.01000667E-01  2.70842264E-11 -3.30663088E-10  3.69975103E-09
 -4.99666444E-01  2.80917521E-11 -3.42439477E-10  3.82511024E-09
 -4.98332221E-01  2.91350826E-11 -3.54614520E-10  3.95448571E-09
 -4.96997999E-01  3.02154144E-11 -3.67201111E-10  4.08799878E-09
 -4.95663776E-01  3.13339664E-11 -3.80212429E-10  4.22577429E-09
 -4.94329553E-01  3.24920729E-11 -3.93662022E-10  4.36794062E-09
 -4.92995330E-01  3.36910163E-11 -4.07563997E-10  4.51462971E-09
 -4.91661107E-01  3.49322100E-11 -4.21932717E-10  4.66597736E-09
 -4.90326885E-01  3.62170446E-11 -4.36783104E-10  4.82212311E-09
 -4.88992662E-01  3.75470335E-11 -4.52130494E-10  4.98321044E-09
 -4.87658439E-01  3.89236385E-11 -4.67990658E-10  5.14938690E-09
 -4.86324216E-01  4.03484378E-11 -4.84379880E-10  5.32080415E-09
 -4.84989993E-01  4.18230131E-11 -5.01314903E-10  5.49761814E-09
 -4.83655771E-01  4.33490519E-11 -5.18813004E-10  5.67998914E-09
 -4.82321548E-01  4.49282989E-11 -5.36891935E-10  5.86808196E-09
 -4.80987325E-01  4.65624747E-11 -5.55570047E-10  6.06206590E-09
 -4.79653102E-01  4.82534272E-11 -5.74866155E-10  6.26211512E-09
 -4.78318879E-01  5.00030169E-11 -5.94799718E-10  6.46840848E-09
 -4.76984656E-01  5.18131840E-11 -6.15390708E-10  6.68112989E-09
 -4.75650434E-01  5.36860020E-11 -6.36659726E-10  6.90046835E-09
 -4.74316211E-01  5.56234535E-11 -6.58627983E-10  7.12661804E-09
 -4.72981988E-01  5.76277103E-11 -6.81317295E-10  7.35977854E-09
 -4.71647765E-01  5.97009335E-11 -7.04750155E-10  7.60015495E-09
 -4.70313542E-01  6.18454370E-11 -7.28949741E-10  7.84795790E-09
 -4.68979320E-01  6.40634969E-11 -7.53939834E-10  8.10340400E-09
 -4.67645097E-01  6.63575828E-11 -7.79745007E-10  8.36671559E-09
 -4.66310874E-01  6.87301571E-11 -8.06390464E-10  8.63812131E-09
 -4.64976651E-01  7.11837953E-11 -8.33902246E-10  8.91785583E-09
 -4.63642428E-01  7.37211227E-11 -8.62307092E-10  9.20616040E-09
 -4.62308205E-01  7.63449081E-11 -8.91632530E-10  9.50328274E-09
 -4.60973983E-01  7.90578617E-11 -9.21906967E-10  9.80947734E-09
 -4.59639760E-01  8.18630021E-11 -9.53159515E-10  1.01250056E-08
 -4.58305537E-01  8.47632499E-11 -9.85420213E-10  1.04501361E-08
 -4.56971314E-01  8.77616959E-11 -1.01872001E-09  1.07851444E-08
 -4.55637091E-01  9.08615120E-11 -1.05309067E-09  1.11303139E-08
 -4.54302869E-01  9.40660184E-11 -1.08856489E-09  1.14859354E-08
 -4.52968646E-01  9.73785166E-11 -1.12517638E-09  1.18523074E-08
 -4.51634423E-01  1.00802499E-10 -1.16295978E-09  1.22297368E-08
 -4.50300200E-01  1.04341613E-10 -1.20195073E-09  1.26185384E-08
 -4.48965977E-01  1.07999483E-10 -1.24218594E-09  1.30190357E-08
 -4.47631755E-01  1.11779924E-10 -1.28370312E-09  1.34315607E-08
 -4.46297532E-01  1.15686889E-10 -1.32654108E-09  1.38564541E-08
 -4.44963309E-01  1.19724441E-10 -1.37073977E-09  1.42940661E-08
 -4.43629086E-01  1.23896667E-10 -1.41634027E-09  1.47447560E-08
 -4.42294863E-01  1.28207985E-10 -1.46338483E-09  1.52088925E-08
 -4.40960640E-01  1.32662709E-10 -1.51191691E-09  1.56868542E-08
 -4.39626418E-01  1.37265399E-10 -1.56198127E-09  1.61790300E-08
 -4.38292195E-01  1.42020836E-10 -1.61362385E-09  1.66858186E-08
 -4.36957972E-01  1.46933801E-10 -1.66689194E-09  1.72076296E-08
 -4.35623749E-01  1.52009341E-10 -1.72183419E-09  1.77448832E-08
 -4.34289526E-01  1.57252547E-10 -1.77850063E-09  1.82980108E-08
 -4.32955304E-01  1.62668677E-10 -1.83694267E-09  1.88674550E-08
 -4.31621081E-01  1.68263233E-10 -1.89721324E-09  1.94536701E-08
 -4.30286858E-01  1.74041845E-10 -1.95936671E-09  2.00571222E-08
 -4.28952635E-01  1.80010251E-10 -2.02345904E-09  2.06782898E-08
 -4.27618412E-01  1.86174436E-10 -2.08954769E-09  2.13176636E-08
 -4.26284189E-01  1.92540529E-10 -2.15769178E-09  2.19757474E-08
 -4.24949967E-01  1.99114864E-10 -2.22795212E-09  2.26530578E-08
 -4.23615744E-01  2.05903933E-10 -2.30039121E-09  2.33501251E-08
 -4.22281521E-01  2.12914511E-10 -2.37507323E-09  2.40674931E-08
 -4.20947298E-01  2.20153387E-10 -2.45206429E-09  2.48057199E-08
 -4.19613075E-01  2.27627773E-10 -2.53143225E-09  2.55653779E-08
 -4.18278853E-01  2.35344913E-10 -2.61324688E-09  2.63470544E-08
 -4.16944630E-01  2.43312363E-10 -2.69757992E-09  2.71513516E-08
 -4.15610407E-01  2.51537951E-10 -2.78450506E-09  2.79788876E-08
 -4.14276184E-01  2.60029620E-10 -2.87409809E-09  2.88302959E-08
 -4.12941961E-01  2.68795541E-10 -2.96643693E-09  2.97062266E-08
 -4.11607738E-01  2.77844305E-10 -3.06160153E-09  3.06073463E-08
 -4.10273516E-01  2.87184618E-10 -3.15967417E-09  3.15343387E-08
 -4.08939293E-01  2.96825354E-10 -3.26073941E-09  3.24879049E-08
 -4.07605070E-01  3.06775887E-10 -3.36488401E-09  3.34687640E-08
 -4.06270847E-01  3.17045607E-10 -3.47219729E-09  3.44776532E-08
 -4.04936624E-01  3.27644401E-10 -3.58277091E-09  3.55153286E-08
 -4.03602402E-01  3.38582296E-10 -3.69669912E-09  3.65825653E-08
 -4.02268179E-01  3.49869774E-10 -3.81407869E-09  3.76801584E-08
 -4.00933956E-01  3.61517359E-10 -3.93500911E-09  3.88089226E-08
 -3.99599733E-01  3.73536170E-10 -4.05959254E-09  3.99696936E-08
 -3.98265510E-01  3.85937455E-10 -4.18793394E-09  4.11633280E-08
 -3.96931288E-01  3.98732878E-10 -4.32014118E-09  4.23907039E-08
 -3.95597065E-01  4.11934402E-10 -4.45632500E-09  4.36527215E-08
 -3.94262842E-01  4.25554466E-10 -4.59659921E-09  4.49503037E-08
 -3.92928619E-01  4.39605565E-10 -4.74108068E-09  4.62843964E-08
 -3.91594396E-01  4.54100894E-10 -4.88988949E-09  4.76559692E-08
 -3.90260173E-01  4.69053857E-10 -5.04314890E-09  4.90660159E-08
 -3.88925951E-01  4.84478305E-10 -5.20098557E-09  5.05155552E-08
 -3.87591728E-01  5.00388360E-10 -5.36352959E-09  5.20056310E-08
 -3.86257505E-01  5.16798821E-10 -5.53091448E-09  5.35373131E-08
 -3.84923282E-01  5.33724483E-10 -5.70327752E-09  5.51116981E-08
 -3.83589059E-01  5.51181055E-10 -5.88075948E-09  5.67299096E-08
 -3.82254837E-01  5.69184469E-10 -6.06350503E-09  5.83930991E-08
 -3.80920614E-01  5.87750967E-10 -6.25166274E-09  6.01024465E-08
 -3.79586391E-01  6.06897512E-10 -6.44538508E-09  6.18591606E-08
 -3.78252168E-01  6.26641395E-10 -6.64482871E-09  6.36644804E-08
 -3.76917945E-01  6.47000453E-10 -6.85015440E-09  6.55196750E-08
 -3.75583722E-01  6.67993091E-10 -7.06152719E-09  6.74260448E-08
 -3.74249500E-01  6.89638118E-10 -7.27911659E-09  6.93849222E-08
 -3.72915277E-01  7.11954949E-10 -7.50309660E-09  7.13976720E-08
 -3.71581054E-01  7.34963539E-10 -7.73364581E-09  7.34656923E-08
 -3.70246831E-01  7.58684465E-10 -7.97094762E-09  7.55904157E-08
 -3.68912608E-01  7.83138742E-10 -8.21519024E-09  7.77733094E-08
 -3.67578386E-01  8.08348165E-10 -8.46656685E-09  8.00158763E-08
 -3.66244163E-01  8.34335001E-10 -8.72527579E-09  8.23196559E-08
 -3.64909940E-01  8.61122157E-10 -8.99152062E-09  8.46862249E-08
 -3.63575717E-01  8.88733298E-10 -9.26551025E-09  8.71171985E-08
 -3.62241494E-01  9.17192734E-10 -9.54745908E-09  8.96142306E-08
 -3.60907272E-01  9.46525308E-10 -9.83758723E-09  9.21790151E-08
 -3.59573049E-01  9.76756735E-10 -1.01361205E-08  9.48132869E-08
 -3.58238826E-01  1.00791332E-09 -1.04432907E-08  9.75188226E-08
 -3.56904603E-01  1.04002226E-09 -1.07593357E-08  1.00297441E-07
 -3.55570380E-01  1.07311135E-09 -1.10844994E-08  1.03151006E-07
 -3.54236157E-01  1.10720929E-09 -1.14190324E-08  1.06081424E-07
 -3.52901935E-01  1.14234554E-09 -1.17631917E-08  1.09090649E-07
 -3.51567712E-01  1.17855030E-09 -1.21172409E-08  1.12180681E-07
 -3.50233489E-01  1.21585475E-09 -1.24814505E-08  1.15353566E-07
 -3.48899266E-01  1.25429086E-09 -1.28560982E-08  1.18611402E-07
 -3.47565043E-01  1.29389149E-09 -1.32414687E-08  1.21956335E-07
 -3.46230821E-01  1.33469046E-09 -1.36378541E-08  1.25390560E-07
 -3.44896598E-01  1.37672250E-09 -1.40455543E-08  1.28916329E-07
 -3.43562375E-01  1.42002326E-09 -1.44648765E-08  1.32535942E-07
 -3.42228152E-01  1.46462952E-09 -1.48961364E-08  1.36251758E-07
 -3.40893929E-01  1.51057885E-09 -1.53396573E-08  1.40066188E-07
 -3.39559706E-01  1.55791000E-09 -1.57957713E-08  1.43981701E-07
 -3.38225484E-01  1.60666286E-09 -1.62648186E-08  1.48000825E-07
 -3.36891261E-01  1.65687830E-09 -1.67471486E-08  1.52126147E-07
 -3.35557038E-01  1.70859833E-09 -1.72431191E-08  1.56360314E-07
 -3.34222815E-01  1.76186615E-09 -1.77530977E-08  1.60706036E-07
 -3.32888592E-01  1.81672611E-09 -1.82774610E-08  1.65166085E-07
 -3.31554370E-01  1.87322383E-09 -1.88165952E-08  1.69743299E-07
 -3.30220147E-01  1.93140614E-09 -1.93708966E-08  1.74440581E-07
 -3.28885924E-01  1.99132116E-09 -1.99407714E-08  1.79260904E-07
 -3.27551701E-01  2.05301833E-09 -2.05266363E-08  1.84207306E-07
 -3.26217478E-01  2.11654846E-09 -2.11289185E-08  1.89282900E-07
 -3.24883256E-01  2.18196366E-09 -2.17480560E-08  1.94490868E-07
 -3.23549033E-01  2.24931763E-09 -2.23844979E-08  1.99834468E-07
 -3.22214810E-01  2.31866529E-09 -2.30387049E-08  2.05317030E-07
 -3.20880587E-01  2.39006332E-09 -2.37111492E-08  2.10941963E-07
 -3.19546364E-01  2.46356975E-09 -2.44023148E-08  2.16712757E-07
 -3.18212141E-01  2.53924428E-09 -2.51126980E-08  2.22632976E-07
 -3.16877919E-01  2.61714810E-09 -2.58428078E-08  2.28706273E-07
 -3.15543696E-01  2.69734424E-09 -2.65931658E-08  2.34936378E-07
 -3.14209473E-01  2.77989731E-09 -2.73643067E-08  2.41327112E-07
 -3.12875250E-01  2.86487365E-09 -2.81567787E-08  2.47882381E-07
 -3.11541027E-01  2.95234159E-09 -2.89711437E-08  2.54606179E-07
 -3.10206805E-01  3.04237097E-09 -2.98079778E-08  2.61502594E-07
 -3.08872582E-01  3.13503377E-09 -3.06678712E-08  2.68575803E-07
 -3.07538359E-01  3.23040382E-09 -3.15514293E-08  2.75830083E-07
 -3.06204136E-01  3.32855692E-09 -3.24592721E-08  2.83269804E-07
 -3.04869913E-01  3.42957092E-09 -3.33920354E-08  2.90899436E-07
 -3.03535690E-01  3.53352575E-09 -3.43503707E-08  2.98723552E-07
 -3.02201468E-01  3.64050350E-09 -3.53349457E-08  3.06746827E-07
 -3.00867245E-01  3.75058840E-09 -3.63464446E-08  3.14974040E-07
 -2.99533022E-01  3.86386699E-09 -3.73855686E-08  3.23410080E-07
 -2.98198799E-01  3.98042814E-09 -3.84530365E-08  3.32059945E-07
 -2.96864576E-01  4.10036296E-09 -3.95495844E-08  3.40928746E-07
 -2.95530354E-01  4.22376511E-09 -4.06759670E-08  3.50021707E-07
 -2.94196131E-01  4.35073068E-09 -4.18329573E-08  3.59344171E-07
 -2.92861908E-01  4.48135833E-09 -4.30213477E-08  3.68901598E-07
 -2.91527685E-01  4.61574938E-09 -4.42419497E-08  3.78699574E-07
 -2.90193462E-01  4.75400772E-09 -4.54955950E-08  3.88743804E-07
 -2.88859239E-01  4.89624010E-09 -4.67831355E-08  3.99040125E-07
 -2.87525017E-01  5.04255603E-09 -4.81054444E-08  4.09594502E-07
 -2.86190794E-01  5.19306792E-09 -4.94634158E-08  4.20413031E-07
 -2.84856571E-01  5.34789124E-09 -5.08579658E-08  4.31501944E-07
 -2.83522348E-01  5.50714431E-09 -5.22900330E-08  4.42867613E-07
 -2.82188125E-01  5.67094880E-09 -5.37605789E-08  4.54516548E-07
 -2.80853903E-01  5.83942931E-09 -5.52705882E-08  4.66455404E-07
 -2.79519680E-01  6.01271395E-09 -5.68210698E-08  4.78690982E-07
 -2.78185457E-01  6.19093414E-09 -5.84130570E-08  4.91230234E-07
 -2.76851234E-01  6.37422455E-09 -6.00476081E-08  5.04080263E-07
 -2.75517011E-01  6.56272370E-09 -6.17258073E-08  5.17248329E-07
 -2.74182789E-01  6.75657350E-09 -6.34487647E-08  5.30741850E-07
 -2.72848566E-01  6.95591958E-09 -6.52176176E-08  5.44568407E-07
 -2.71514343E-01  7.16091140E-09 -6.70335306E-08  5.58735747E-07
 -2.70180120E-01  7.37170244E-09 -6.88976964E-08  5.73251786E-07
 -2.68845897E-01  7.58844998E-09 -7.08113363E-08  5.88124611E-07
 -2.67511674E-01  7.81131558E-09 -7.27757013E-08  6.03362486E-07
 -2.66177452E-01  8.04046476E-09 -7.47920722E-08  6.18973854E-07
 -2.64843229E-01  8.27606764E-09 -7.68617606E-08  6.34967341E-07
 -2.63509006E-01  8.51829843E-09 -7.89861097E-08  6.51351761E-07
 -2.62174783E-01  8.76733610E-09 -8.11664947E-08  6.68136116E-07
 -2.60840560E-01  9.02336416E-09 -8.34043238E-08  6.85329604E-07
 -2.59506338E-01  9.28657081E-09 -8.57010386E-08  7.02941623E-07
 -2.58172115E-01  9.55714919E-09 -8.80581155E-08  7.20981769E-07
 -2.56837892E-01  9.83529740E-09 -9.04770658E-08  7.39459848E-07
 -2.55503669E-01  1.01212186E-08 -9.29594367E-08  7.58385874E-07
 -2.54169446E-01  1.04151213E-08 -9.55068126E-08  7.77770077E-07
 -2.52835223E-01  1.07172192E-08 -9.81208149E-08  7.97622906E-07
 -2.51501001E-01  1.10277316E-08 -1.00803104E-07  8.17955033E-07
 -2.50166778E-01  1.13468834E-08 -1.03555380E-07  8.38777356E-07
 -2.48832555E-01  1.16749052E-08 -1.06379381E-07  8.60101007E-07
 -2.47498332E-01  1.20120337E-08 -1.09276890E-07  8.81937355E-07
 -2.46164109E-01  1.23585114E-08 -1.12249728E-07  9.04298009E-07
 -2.44829887E-01  1.27145872E-08 -1.15299762E-07  9.27194825E-07
 -2.43495664E-01  1.30805162E-08 -1.18428901E-07  9.50639911E-07
 -2.42161441E-01  1.34565601E-08 -1.21639101E-07  9.74645630E-07
 -2.40827218E-01  1.38429873E-08 -1.24932361E-07  9.99224605E-07
 -2.39492995E-01  1.42400728E-08 -1.28310730E-07  1.02438973E-06
 -2.38158773E-01  1.46480989E-08 -1.31776303E-07  1.05015416E-06
 -2.36824550E-01  1.50673549E-08 -1.35331224E-07  1.07653134E-06
 -2.35490327E-01  1.54981374E-08 -1.38977688E-07  1.10353498E-06
 -2.34156104E-01  1.59407506E-08 -1.42717942E-07  1.13117911E-06
 -2.32821881E-01  1.63955064E-08 -1.46554284E-07  1.15947801E-06
 -2.31487658E-01  1.68627246E-08 -1.50489065E-07  1.18844628E-06
 -2.30153436E-01  1.73427329E-08 -1.54524692E-07  1.21809884E-06
 -2.28819213E-01  1.78358675E-08 -1.58663629E-07  1.24845090E-06
 -2.27484990E-01  1.83424730E-08 -1.62908394E-07  1.27951799E-06
 -2.26150767E-01  1.88629027E-08 -1.67261565E-07  1.31131596E-06
 -2.24816544E-01  1.93975185E-08 -1.71725782E-07  1.34386100E-06
 -2.23482322E-01  1.99466920E-08 -1.76303741E-07  1.37716963E-06
 -2.22148099E-01  2.05108035E-08 -1.80998206E-07  1.41125870E-06
 -2.20813876E-01  2.10902432E-08 -1.85812001E-07  1.44614543E-06
 -2.19479653E-01  2.16854110E-08 -1.90748015E-07  1.48184739E-06
 -2.18145430E-01  2.22967168E-08 -1.95809207E-07  1.51838248E-06
 -2.16811207E-01  2.29245807E-08 -2.00998599E-07  1.55576902E-06
 -2.15476985E-01  2.35694334E-08 -2.06319286E-07  1.59402567E-06
 -2.14142762E-01  2.42317162E-08 -2.11774434E-07  1.63317148E-06
 -2.12808539E-01  2.49118816E-08 -2.17367280E-07  1.67322590E-06
 -2.11474316E-01  2.56103931E-08 -2.23101136E-07  1.71420876E-06
 -2.10140093E-01  2.63277260E-08 -2.28979389E-07  1.75614032E-06
 -2.08805871E-01  2.70643672E-08 -2.35005504E-07  1.79904122E-06
 -2.07471648E-01  2.78208160E-08 -2.41183025E-07  1.84293255E-06
 -2.06137425E-01  2.85975836E-08 -2.47515576E-07  1.88783581E-06
 -2.04803202E-01  2.93951943E-08 -2.54006864E-07  1.93377295E-06
 -2.03468979E-01  3.02141853E-08 -2.60660681E-07  1.98076635E-06
 -2.02134757E-01  3.10551068E-08 -2.67480905E-07  2.02883886E-06
 -2.00800534E-01  3.19185228E-08 -2.74471499E-07  2.07801377E-06
 -1.99466311E-01  3.28050114E-08 -2.81636520E-07  2.12831486E-06
 -1.98132088E-01  3.37151647E-08 -2.88980115E-07  2.17976638E-06
 -1.96797865E-01  3.46495894E-08 -2.96506523E-07  2.23239307E-06
 -1.95463642E-01  3.56089072E-08 -3.04220082E-07  2.28622016E-06
 -1.94129420E-01  3.65937551E-08 -3.12125225E-07  2.34127340E-06
 -1.92795197E-01  3.76047857E-08 -3.20226486E-07  2.39757904E-06
 -1.91460974E-01  3.86426677E-08 -3.28528500E-07  2.45516387E-06
 -1.90126751E-01  3.97080859E-08 -3.37036010E-07  2.51405520E-06
 -1.88792528E-01  4.08017423E-08 -3.45753859E-07  2.57428089E-06
 -1.87458306E-01  4.19243559E-08 -3.54687004E-07  2.63586936E-06
 -1.86124083E-01  4.30766631E-08 -3.63840511E-07  2.69884959E-06
 -1.84789860E-01  4.42594184E-08 -3.73219559E-07  2.76325114E-06
 -1.83455637E-01  4.54733947E-08 -3.82829442E-07  2.82910415E-06
 -1.82121414E-01  4.67193839E-08 -3.92675575E-07  2.89643935E-06
 -1.80787191E-01  4.79981970E-08 -4.02763490E-07  2.96528809E-06
 -1.79452969E-01  4.93106647E-08 -4.13098845E-07  3.03568234E-06
 -1.78118746E-01  5.06576379E-08 -4.23687423E-07  3.10765470E-06
 -1.76784523E-01  5.20399883E-08 -4.34535135E-07  3.18123838E-06
 -1.75450300E-01  5.34586087E-08 -4.45648023E-07  3.25646729E-06
 -1.74116077E-01  5.49144133E-08 -4.57032263E-07  3.33337597E-06
 -1.72781855E-01  5.64083386E-08 -4.68694170E-07  3.41199966E-06
 -1.71447632E-01  5.79413439E-08 -4.80640194E-07  3.49237427E-06
 -1.70113409E-01  5.95144114E-08 -4.92876931E-07  3.57453642E-06
 -1.68779186E-01  6.11285472E-08 -5.05411123E-07  3.65852344E-06
 -1.67444963E-01  6.27847816E-08 -5.18249657E-07  3.74437340E-06
 -1.66110740E-01  6.44841696E-08 -5.31399574E-07  3.83212509E-06
 -1.64776518E-01  6.62277919E-08 -5.44868071E-07  3.92181806E-06
 -1.63442295E-01  6.80167547E-08 -5.58662501E-07  4.01349264E-06
 -1.62108072E-01  6.98521912E-08 -5.72790378E-07  4.10718992E-06
 -1.60773849E-01  7.17352618E-08 -5.87259382E-07  4.20295180E-06
 -1.59439626E-01  7.36671543E-08 -6.02077360E-07  4.30082097E-06
 -1.58105404E-01  7.56490854E-08 -6.17252332E-07  4.40084097E-06
 -1.56771181E-01  7.76823008E-08 -6.32792491E-07  4.50305615E-06
 -1.55436958E-01  7.97680757E-08 -6.48706211E-07  4.60751173E-06
 -1.54102735E-01  8.19077161E-08 -6.65002047E-07  4.71425379E-06
 -1.52768512E-01  8.41025591E-08 -6.81688741E-07  4.82332928E-06
 -1.51434290E-01  8.63539735E-08 -6.98775223E-07  4.93478607E-06
 -1.50100067E-01  8.86633610E-08 -7.16270620E-07  5.04867293E-06
 -1.48765844E-01  9.10321563E-08 -7.34184254E-07  5.16503957E-06
 -1.47431621E-01  9.34618285E-08 -7.52525651E-07  5.28393664E-06
 -1.46097398E-01  9.59538814E-08 -7.71304543E-07  5.40541574E-06
 -1.44763175E-01  9.85098547E-08 -7.90530870E-07  5.52952947E-06
 -1.43428953E-01  1.01131324E-07 -8.10214790E-07  5.65633142E-06
 -1.42094730E-01  1.03819904E-07 -8.30366678E-07  5.78587618E-06
 -1.40760507E-01  1.06577245E-07 -8.50997133E-07  5.91821939E-06
 -1.39426284E-01  1.09405037E-07 -8.72116982E-07  6.05341774E-06
 -1.38092061E-01  1.12305013E-07 -8.93737285E-07  6.19152896E-06
 -1.36757839E-01  1.15278942E-07 -9.15869338E-07  6.33261190E-06
 -1.35423616E-01  1.18328638E-07 -9.38524682E-07  6.47672650E-06
 -1.34089393E-01  1.21455958E-07 -9.61715102E-07  6.62393381E-06
 -1.32755170E-01  1.24662800E-07 -9.85452639E-07  6.77429604E-06
 -1.31420947E-01  1.27951108E-07 -1.00974959E-06  6.92787657E-06
 -1.30086724E-01  1.31322873E-07 -1.03461850E-06  7.08473993E-06
 -1.28752502E-01  1.34780132E-07 -1.06007222E-06  7.24495189E-06
 -1.27418279E-01  1.38324967E-07 -1.08612383E-06  7.40857942E-06
 -1.26084056E-01  1.41959514E-07 -1.11278672E-06  7.57569074E-06
 -1.24749833E-01  1.45685953E-07 -1.14007454E-06  7.74635534E-06
 -1.23415610E-01  1.49506521E-07 -1.16800126E-06  7.92064398E-06
 -1.22081388E-01  1.53423503E-07 -1.19658111E-06  8.09862875E-06
 -1.20747165E-01  1.57439238E-07 -1.22582866E-06  8.28038306E-06
 -1.19412942E-01  1.61556122E-07 -1.25575875E-06  8.46598166E-06
 -1.18078719E-01  1.65776603E-07 -1.28638656E-06  8.65550071E-06
 -1.16744496E-01  1.70103190E-07 -1.31772759E-06  8.84901773E-06
 -1.15410274E-01  1.74538447E-07 -1.34979765E-06  9.04661169E-06
 -1.14076051E-01  1.79084999E-07 -1.38261289E-06  9.24836299E-06
 -1.12741828E-01  1.83745532E-07 -1.41618982E-06  9.45435352E-06
 -1.11407605E-01  1.88522794E-07 -1.45054526E-06  9.66466663E-06
 -1.10073382E-01  1.93419598E-07 -1.48569641E-06  9.87938723E-06
 -1.08739159E-01  1.98438820E-07 -1.52166082E-06  1.00986018E-05
 -1.07404937E-01  2.03583403E-07 -1.55845642E-06  1.03223982E-05
 -1.06070714E-01  2.08856360E-07 -1.59610151E-06  1.05508662E-05
 -1.04736491E-01  2.14260771E-07 -1.63461475E-06  1.07840969E-05
 -1.03402268E-01  2.19799788E-07 -1.67401522E-06  1.10221833E-05
 -1.02068045E-01  2.25476636E-07 -1.71432238E-06  1.12652199E-05
 -1.00733823E-01  2.31294614E-07 -1.75555611E-06  1.15133029E-05
 -9.93995997E-02  2.37257098E-07 -1.79773669E-06  1.17665304E-05
 -9.80653769E-02  2.43367539E-07 -1.84088483E-06  1.20250021E-05
 -9.67311541E-02  2.49629469E-07 -1.88502166E-06  1.22888195E-05
 -9.53969313E-02  2.56046502E-07 -1.93016876E-06  1.25580860E-05
 -9.40627085E-02  2.62622332E-07 -1.97634816E-06  1.28329069E-05
 -9.27284857E-02  2.69360741E-07 -2.02358233E-06  1.31133892E-05
 -9.13942628E-02  2.76265595E-07 -2.07189420E-06  1.33996419E-05
 -9.00600400E-02  2.83340849E-07 -2.12130721E-06  1.36917759E-05
 -8.87258172E-02  2.90590549E-07 -2.17184525E-06  1.39899043E-05
 -8.73915944E-02  2.98018833E-07 -2.22353271E-06  1.42941418E-05
 -8.60573716E-02  3.05629933E-07 -2.27639448E-06  1.46046055E-05
 -8.47231488E-02  3.13428179E-07 -2.33045597E-06  1.49214143E-05
 -8.33889260E-02  3.21417996E-07 -2.38574311E-06  1.52446895E-05
 -8.20547031E-02  3.29603914E-07 -2.44228235E-06  1.55745542E-05
 -8.07204803E-02  3.37990563E-07 -2.50010070E-06  1.59111338E-05
 -7.93862575E-02  3.46582680E-07 -2.55922571E-06  1.62545562E-05
 -7.80520347E-02  3.55385107E-07 -2.61968550E-06  1.66049510E-05
 -7.67178119E-02  3.64402798E-07 -2.68150876E-06  1.69624504E-05
 -7.53835891E-02  3.73640819E-07 -2.74472476E-06  1.73271890E-05
 -7.40493662E-02  3.83104349E-07 -2.80936338E-06  1.76993035E-05
 -7.27151434E-02  3.92798686E-07 -2.87545510E-06  1.80789331E-05
 -7.13809206E-02  4.02729246E-07 -2.94303103E-06  1.84662195E-05
 -7.00466978E-02  4.12901570E-07 -3.01212288E-06  1.88613067E-05
 -6.87124750E-02  4.23321319E-07 -3.08276305E-06  1.92643412E-05
 -6.73782522E-02  4.33994287E-07 -3.15498456E-06  1.96754723E-05
 -6.60440294E-02  4.44926395E-07 -3.22882111E-06  2.00948516E-05
 -6.47098065E-02  4.56123698E-07 -3.30430709E-06  2.05226334E-05
 -6.33755837E-02  4.67592387E-07 -3.38147757E-06  2.09589747E-05
 -6.20413609E-02  4.79338793E-07 -3.46036835E-06  2.14040352E-05
 -6.07071381E-02  4.91369388E-07 -3.54101591E-06  2.18579772E-05
 -5.93729153E-02  5.03690789E-07 -3.62345751E-06  2.23209660E-05
 -5.80386925E-02  5.16309761E-07 -3.70773114E-06  2.27931697E-05
 -5.67044696E-02  5.29233222E-07 -3.79387554E-06  2.32747591E-05
 -5.53702468E-02  5.42468243E-07 -3.88193026E-06  2.37659080E-05
 -5.40360240E-02  5.56022053E-07 -3.97193560E-06  2.42667932E-05
 -5.27018012E-02  5.69902044E-07 -4.06393271E-06  2.47775946E-05
 -5.13675784E-02  5.84115770E-07 -4.15796353E-06  2.52984949E-05
 -5.00333556E-02  5.98670955E-07 -4.25407086E-06  2.58296800E-05
 -4.86991328E-02  6.13575497E-07 -4.35229834E-06  2.63713391E-05
 -4.73649099E-02  6.28837465E-07 -4.45269048E-06  2.69236645E-05
 -4.60306871E-02  6.44465111E-07 -4.55529269E-06  2.74868516E-05
 -4.46964643E-02  6.60466870E-07 -4.66015127E-06  2.80610993E-05
 -4.33622415E-02  6.76851362E-07 -4.76731344E-06  2.86466097E-05
 -4.20280187E-02  6.93627400E-07 -4.87682738E-06  2.92435884E-05
 -4.06937959E-02  7.10803991E-07 -4.98874218E-06  2.98522443E-05
 -3.93595730E-02  7.28390342E-07 -5.10310795E-06  3.04727899E-05
 -3.80253502E-02  7.46395864E-07 -5.21997575E-06  3.11054412E-05
 -3.66911274E-02  7.64830176E-07 -5.33939769E-06  3.17504180E-05
 -3.53569046E-02  7.83703107E-07 -5.46142687E-06  3.24079434E-05
 -3.40226818E-02  8.03024706E-07 -5.58611747E-06  3.30782444E-05
 -3.26884590E-02  8.22805241E-07 -5.71352471E-06  3.37615518E-05
 -3.13542362E-02  8.43055209E-07 -5.84370490E-06  3.44581001E-05
 -3.00200133E-02  8.63785334E-07 -5.97671548E-06  3.51681278E-05
 -2.86857905E-02  8.85006578E-07 -6.11261499E-06  3.58918773E-05
 -2.73515677E-02  9.06730146E-07 -6.25146314E-06  3.66295948E-05
 -2.60173449E-02  9.28967484E-07 -6.39332079E-06  3.73815309E-05
 -2.46831221E-02  9.51730293E-07 -6.53825001E-06  3.81479400E-05
 -2.33488993E-02  9.75030528E-07 -6.68631405E-06  3.89290808E-05
 -2.20146765E-02  9.98880407E-07 -6.83757745E-06  3.97252162E-05
 -2.06804536E-02  1.02329242E-06 -6.99210594E-06  4.05366134E-05
 -1.93462308E-02  1.04827931E-06 -7.14996660E-06  4.13635439E-05
 -1.80120080E-02  1.07385413E-06 -7.31122775E-06  4.22062838E-05
 -1.66777852E-02  1.10003019E-06 -7.47595910E-06  4.30651134E-05
 -1.53435624E-02  1.12682111E-06 -7.64423165E-06  4.39403177E-05
 -1.40093396E-02  1.15424080E-06 -7.81611784E-06  4.48321863E-05
 -1.26751167E-02  1.18230346E-06 -7.99169147E-06  4.57410135E-05
 -1.13408939E-02  1.21102361E-06 -8.17102777E-06  4.66670983E-05
 -1.00066711E-02  1.24041609E-06 -8.35420346E-06  4.76107445E-05
 -8.67244830E-03  1.27049606E-06 -8.54129669E-06  4.85722607E-05
 -7.33822548E-03  1.30127900E-06 -8.73238716E-06  4.95519606E-05
 -6.00400267E-03  1.33278074E-06 -8.92755609E-06  5.05501629E-05
 -4.66977985E-03  1.36501744E-06 -9.12688625E-06  5.15671912E-05
 -3.33555704E-03  1.39800562E-06 -9.33046202E-06  5.26033745E-05
 -2.00133422E-03  1.43176214E-06 -9.53836940E-06  5.36590469E-05
 -6.67111408E-04  1.46630424E-06 -9.75069602E-06  5.47345477E-05
  6.67111408E-04  1.50164954E-06 -9.96753122E-06  5.58302219E-05
  2.00133422E-03  1.53781602E-06 -1.01889660E-05  5.69464197E-05
  3.33555704E-03  1.57482205E-06 -1.04150932E-05  5.80834967E-05
  4.66977985E-03  1.61268641E-06 -1.06460073E-05  5.92418145E-05
  6.00400267E-03  1.65142828E-06 -1.08818046E-05  6.04217401E-05
  7.33822548E-03  1.69106724E-06 -1.11225834E-05  6.16236463E-05
  8.67244830E-03  1.73162331E-06 -1.13684437E-05  6.28479117E-05
  1.00066711E-02  1.77311691E-06 -1.16194874E-05  6.40949211E-05
  1.13408939E-02  1.81556894E-06 -1.18758185E-05  6.53650649E-05
  1.26751167E-02  1.85900071E-06 -1.21375428E-05  6.66587398E-05
  1.40093396E-02  1.90343401E-06 -1.24047682E-05  6.79763487E-05
  1.53435624E-02  1.94889108E-06 -1.26776045E-05  6.93183007E-05
  1.66777852E-02  1.99539465E-06 -1.29561639E-05  7.06850112E-05
  1.80120080E-02  2.04296793E-06 -1.32405602E-05  7.20769020E-05
  1.93462308E-02  2.09163462E-06 -1.35309099E-05  7.34944015E-05
  2.06804536E-02  2.14141893E-06 -1.38273314E-05  7.49379446E-05
  2.20146765E-02  2.19234559E-06 -1.41299453E-05  7.64079730E-05
  2.33488993E-02  2.24443986E-06 -1.44388747E-05  7.79049350E-05
  2.46831221E-02  2.29772751E-06 -1.47542446E-05  7.94292859E-05
  2.60173449E-02  2.35223491E-06 -1.50761828E-05  8.09814880E-05
  2.73515677E-02  2.40798893E-06 -1.54048192E-05  8.25620104E-05
  2.86857905E-02  2.46501706E-06 -1.57402863E-05  8.41713296E-05
  3.00200133E-02  2.52334734E-06 -1.60827190E-05  8.58099292E-05
  3.13542362E-02  2.58300843E-06 -1.64322547E-05  8.74783001E-05
  3.26884590E-02  2.64402958E-06 -1.67890334E-05  8.91769407E-05
  3.40226818E-02  2.70644065E-06 -1.71531976E-05  9.09063569E-05
  3.53569046E-02  2.77027217E-06 -1.75248927E-05  9.26670623E-05
  3.66911274E-02  2.83555527E-06 -1.79042666E-05  9.44595780E-05
  3.80253502E-02  2.90232178E-06 -1.82914699E-05  9.62844331E-05
  3.93595730E-02  2.97060415E-06 -1.86866563E-05  9.81421645E-05
  4.06937959E-02  3.04043557E-06 -1.90899819E-05  1.00033317E-04
  4.20280187E-02  3.11184989E-06 -1.95016062E-05  1.01958444E-04
  4.33622415E-02  3.18488169E-06 -1.99216911E-05  1.03918107E-04
  4.46964643E-02  3.25956627E-06 -2.03504020E-05  1.05912875E-04
  4.60306871E-02  3.33593967E-06 -2.07879071E-05  1.07943327E-04
  4.73649099E-02  3.41403871E-06 -2.12343776E-05  1.10010049E-04
  4.86991328E-02  3.49390095E-06 -2.16899881E-05  1.12113636E-04
  5.00333556E-02  3.57556475E-06 -2.21549162E-05  1.14254692E-04
  5.13675784E-02  3.65906929E-06 -2.26293429E-05  1.16433831E-04
  5.27018012E-02  3.74445455E-06 -2.31134525E-05  1.18651673E-04
  5.40360240E-02  3.83176134E-06 -2.36074325E-05  1.20908851E-04
  5.53702468E-02  3.92103136E-06 -2.41114742E-05  1.23206004E-04
  5.67044696E-02  4.01230713E-06 -2.46257720E-05  1.25543782E-04
  5.80386925E-02  4.10563211E-06 -2.51505242E-05  1.27922844E-04
  5.93729153E-02  4.20105063E-06 -2.56859323E-05  1.30343857E-04
  6.07071381E-02  4.29860795E-06 -2.62322020E-05  1.32807501E-04
  6.20413609E-02  4.39835028E-06 -2.67895423E-05  1.35314463E-04
  6.33755837E-02  4.50032480E-06 -2.73581661E-05  1.37865441E-04
  6.47098065E-02  4.60457965E-06 -2.79382905E-05  1.40461143E-04
  6.60440294E-02  4.71116398E-06 -2.85301360E-05  1.43102286E-04
  6.73782522E-02  4.82012796E-06 -2.91339275E-05  1.45789599E-04
  6.87124750E-02  4.93152281E-06 -2.97498938E-05  1.48523821E-04
  7.00466978E-02  5.04540080E-06 -3.03782678E-05  1.51305700E-04
  7.13809206E-02  5.16181528E-06 -3.10192869E-05  1.54135997E-04
  7.27151434E-02  5.28082072E-06 -3.16731924E-05  1.57015482E-04
  7.40493662E-02  5.40247270E-06 -3.23402301E-05  1.59944936E-04
  7.53835891E-02  5.52682796E-06 -3.30206503E-05  1.62925151E-04
  7.67178119E-02  5.65394440E-06 -3.37147077E-05  1.65956932E-04
  7.80520347E-02  5.78388114E-06 -3.44226616E-05  1.69041093E-04
  7.93862575E-02  5.91669848E-06 -3.51447760E-05  1.72178460E-04
  8.07204803E-02  6.05245800E-06 -3.58813196E-05  1.75369871E-04
  8.20547031E-02  6.19122252E-06 -3.66325659E-05  1.78616176E-04
  8.33889260E-02  6.33305617E-06 -3.73987932E-05  1.81918235E-04
  8.47231488E-02  6.47802440E-06 -3.81802850E-05  1.85276922E-04
  8.60573716E-02  6.62619399E-06 -3.89773296E-05  1.88693122E-04
  8.73915944E-02  6.77763310E-06 -3.97902206E-05  1.92167733E-04
  8.87258172E-02  6.93241128E-06 -4.06192567E-05  1.95701663E-04
  9.00600400E-02  7.09059953E-06 -4.14647421E-05  1.99295837E-04
  9.13942628E-02  7.25227026E-06 -4.23269863E-05  2.02951187E-04
  9.27284857E-02  7.41749742E-06 -4.32063041E-05  2.06668663E-04
  9.40627085E-02  7.58635641E-06 -4.41030163E-05  2.10449225E-04
  9.53969313E-02  7.75892422E-06 -4.50174489E-05  2.14293845E-04
  9.67311541E-02  7.93527939E-06 -4.59499340E-05  2.18203512E-04
  9.80653769E-02  8.11550207E-06 -4.69008094E-05  2.22179225E-04
  9.93995997E-02  8.29967403E-06 -4.78704190E-05  2.26221997E-04
  1.00733823E-01  8.48787873E-06 -4.88591126E-05  2.30332857E-04
  1.02068045E-01  8.68020131E-06 -4.98672462E-05  2.34512845E-04
  1.03402268E-01  8.87672864E-06 -5.08951820E-05  2.38763015E-04
  1.04736491E-01  9.07754939E-06 -5.19432888E-05  2.43084438E-04
  1.06070714E-01  9.28275398E-06 -5.30119416E-05  2.47478195E-04
  1.07404937E-01  9.49243470E-06 -5.41015220E-05  2.51945386E-04
  1.08739159E-01  9.70668571E-06 -5.52124185E-05  2.56487121E-04
  1.10073382E-01  9.92560306E-06 -5.63450260E-05  2.61104528E-04
  1.11407605E-01  1.01492848E-05 -5.74997467E-05  2.65798748E-04
  1.12741828E-01  1.03778308E-05 -5.86769895E-05  2.70570937E-04
  1.14076051E-01  1.06113433E-05 -5.98771706E-05  2.75422268E-04
  1.15410274E-01  1.08499261E-05 -6.11007133E-05  2.80353928E-04
  1.16744496E-01  1.10936856E-05 -6.23480484E-05  2.85367118E-04
  1.18078719E-01  1.13427300E-05 -6.36196141E-05  2.90463057E-04
  1.19412942E-01  1.15971699E-05 -6.49158561E-05  2.95642979E-04
  1.20747165E-01  1.18571180E-05 -6.62372280E-05  3.00908133E-04
  1.22081388E-01  1.21226892E-05 -6.75841911E-05  3.06259785E-04
  1.23415610E-01  1.23940009E-05 -6.89572146E-05  3.11699217E-04
  1.24749833E-01  1.26711728E-05 -7.03567761E-05  3.17227727E-04
  1.26084056E-01  1.29543270E-05 -7.17833611E-05  3.22846631E-04
  1.27418279E-01  1.32435880E-05 -7.32374636E-05  3.28557259E-04
  1.28752502E-01  1.35390827E-05 -7.47195861E-05  3.34360960E-04
  1.30086724E-01  1.38409409E-05 -7.62302396E-05  3.40259100E-04
  1.31420947E-01  1.41492947E-05 -7.77699440E-05  3.46253062E-04
  1.32755170E-01  1.44642788E-05 -7.93392281E-05  3.52344245E-04
  1.34089393E-01  1.47860309E-05 -8.09386295E-05  3.58534067E-04
  1.35423616E-01  1.51146912E-05 -8.25686954E-05  3.64823964E-04
  1.36757839E-01  1.54504027E-05 -8.42299820E-05  3.71215388E-04
  1.38092061E-01  1.57933113E-05 -8.59230551E-05  3.77709810E-04
  1.39426284E-01  1.61435660E-05 -8.76484901E-05  3.84308720E-04
  1.40760507E-01  1.65013186E-05 -8.94068722E-05  3.91013625E-04
  1.42094730E-01  1.68667237E-05 -9.11987965E-05  3.97826051E-04
  1.43428953E-01  1.72399395E-05 -9.30248683E-05  4.04747543E-04
  1.44763175E-01  1.76211268E-05 -9.48857031E-05  4.11779665E-04
  1.46097398E-01  1.80104501E-05 -9.67819267E-05  4.18924000E-04
  1.47431621E-01  1.84080767E-05 -9.87141755E-05  4.26182148E-04
  1.48765844E-01  1.88141775E-05 -1.00683097E-04  4.33555731E-04
  1.50100067E-01  1.92289268E-05 -1.02689349E-04  4.41046390E-04
  1.51434290E-01  1.96525022E-05 -1.04733600E-04  4.48655784E-04
  1.52768512E-01  2.00850850E-05 -1.06816532E-04  4.56385594E-04
  1.54102735E-01  2.05268599E-05 -1.08938836E-04  4.64237520E-04
  1.55436958E-01  2.09780154E-05 -1.11101216E-04  4.72213282E-04
  1.56771181E-01  2.14387437E-05 -1.13304386E-04  4.80314620E-04
  1.58105404E-01  2.19092407E-05 -1.15549075E-04  4.88543296E-04
  1.59439626E-01  2.23897062E-05 -1.17836020E-04  4.96901091E-04
  1.60773849E-01  2.28803441E-05 -1.20165975E-04  5.05389808E-04
  1.62108072E-01  2.33813620E-05 -1.22539703E-04  5.14011269E-04
  1.63442295E-01  2.38929720E-05 -1.24957982E-04  5.22767319E-04
  1.64776518E-01  2.44153901E-05 -1.27421601E-04  5.31659826E-04
  1.66110740E-01  2.49488365E-05 -1.29931363E-04  5.40690674E-04
  1.67444963E-01  2.54935359E-05 -1.32488084E-04  5.49861775E-04
  1.68779186E-01  2.60497174E-05 -1.35092595E-04  5.59175057E-04
  1.70113409E-01  2.66176145E-05 -1.37745739E-04  5.68632475E-04
  1.71447632E-01  2.71974652E-05 -1.40448373E-04  5.78236003E-04
  1.72781855E-01  2.77895125E-05 -1.43201369E-04  5.87987637E-04
  1.74116077E-01  2.83940038E-05 -1.46005614E-04  5.97889398E-04
  1.75450300E-01  2.90111916E-05 -1.48862007E-04  6.07943328E-04
  1.76784523E-01  2.96413331E-05 -1.51771465E-04  6.18151491E-04
  1.78118746E-01  3.02846908E-05 -1.54734917E-04  6.28515976E-04
  1.79452969E-01  3.09415320E-05 -1.57753310E-04  6.39038892E-04
  1.80787191E-01  3.16121296E-05 -1.60827604E-04  6.49722375E-04
  1.82121414E-01  3.22967615E-05 -1.63958776E-04  6.60568581E-04
  1.83455637E-01  3.29957111E-05 -1.67147820E-04  6.71579691E-04
  1.84789860E-01  3.37092675E-05 -1.70395745E-04  6.82757910E-04
  1.86124083E-01  3.44377251E-05 -1.73703575E-04  6.94105467E-04
  1.87458306E-01  3.51813844E-05 -1.77072354E-04  7.05624613E-04
  1.88792528E-01  3.59405515E-05 -1.80503140E-04  7.17317625E-04
  1.90126751E-01  3.67155384E-05 -1.83997010E-04  7.29186804E-04
  1.91460974E-01  3.75066634E-05 -1.87555057E-04  7.41234475E-04
  1.92795197E-01  3.83142507E-05 -1.91178394E-04  7.53462988E-04
  1.94129420E-01  3.91386309E-05 -1.94868149E-04  7.65874716E-04
  1.95463642E-01  3.99801412E-05 -1.98625470E-04  7.78472059E-04
  1.96797865E-01  4.08391250E-05 -2.02451523E-04  7.91257441E-04
  1.98132088E-01  4.17159324E-05 -2.06347494E-04  8.04233310E-04
  1.99466311E-01  4.26109206E-05 -2.10314586E-04  8.17402142E-04
  2.00800534E-01  4.35244532E-05 -2.14354023E-04  8.30766436E-04
  2.02134757E-01  4.44569012E-05 -2.18467048E-04  8.44328717E-04
  2.03468979E-01  4.54086427E-05 -2.22654924E-04  8.58091535E-04
  2.04803202E-01  4.63800629E-05 -2.26918934E-04  8.72057467E-04
  2.06137425E-01  4.73715545E-05 -2.31260381E-04  8.86229116E-04
  2.07471648E-01  4.83835180E-05 -2.35680590E-04  9.00609108E-04
  2.08805871E-01  4.94163612E-05 -2.40180907E-04  9.15200098E-04
  2.10140093E-01  5.04705000E-05 -2.44762699E-04  9.30004767E-04
  2.11474316E-01  5.15463583E-05 -2.49427353E-04  9.45025821E-04
  2.12808539E-01  5.26443680E-05 -2.54176282E-04  9.60265993E-04
  2.14142762E-01  5.37649693E-05 -2.59010918E-04  9.75728042E-04
  2.15476985E-01  5.49086111E-05 -2.63932716E-04  9.91414753E-04
  2.16811207E-01  5.60757506E-05 -2.68943156E-04  1.00732894E-03
  2.18145430E-01  5.72668538E-05 -2.74043739E-04  1.02347344E-03
  2.19479653E-01  5.84823957E-05 -2.79235992E-04  1.03985112E-03
  2.20813876E-01  5.97228603E-05 -2.84521464E-04  1.05646488E-03
  2.22148099E-01  6.09887411E-05 -2.89901729E-04  1.07331763E-03
  2.23482322E-01  6.22805406E-05 -2.95378386E-04  1.09041232E-03
  2.24816544E-01  6.35987713E-05 -3.00953060E-04  1.10775192E-03
  2.26150767E-01  6.49439551E-05 -3.06627399E-04  1.12533944E-03
  2.27484990E-01  6.63166242E-05 -3.12403078E-04  1.14317790E-03
  2.28819213E-01  6.77173206E-05 -3.18281800E-04  1.16127037E-03
  2.30153436E-01  6.91465970E-05 -3.24265291E-04  1.17961991E-03
  2.31487658E-01  7.06050162E-05 -3.30355306E-04  1.19822965E-03
  2.32821881E-01  7.20931520E-05 -3.36553628E-04  1.21710271E-03
  2.34156104E-01  7.36115890E-05 -3.42862066E-04  1.23624227E-03
  2.35490327E-01  7.51609229E-05 -3.49282457E-04  1.25565152E-03
  2.36824550E-01  7.67417606E-05 -3.55816668E-04  1.27533368E-03
  2.38158773E-01  7.83547207E-05 -3.62466594E-04  1.29529200E-03
  2.39492995E-01  8.00004333E-05 -3.69234158E-04  1.31552974E-03
  2.40827218E-01  8.16795406E-05 -3.76121316E-04  1.33605022E-03
  2.42161441E-01  8.33926969E-05 -3.83130050E-04  1.35685676E-03
  2.43495664E-01  8.51405688E-05 -3.90262375E-04  1.37795272E-03
  2.44829887E-01  8.69238356E-05 -3.97520336E-04  1.39934148E-03
  2.46164109E-01  8.87431894E-05 -4.04906010E-04  1.42102647E-03
  2.47498332E-01  9.05993353E-05 -4.12421506E-04  1.44301111E-03
  2.48832555E-01  9.24929918E-05 -4.20068964E-04  1.46529888E-03
  2.50166778E-01  9.44248907E-05 -4.27850558E-04  1.48789327E-03
  2.51501001E-01  9.63957780E-05 -4.35768493E-04  1.51079779E-03
  2.52835223E-01  9.84064132E-05 -4.43825010E-04  1.53401601E-03
  2.54169446E-01  1.00457571E-04 -4.52022383E-04  1.55755150E-03
  2.55503669E-01  1.02550039E-04 -4.60362920E-04  1.58140786E-03
  2.56837892E-01  1.04684621E-04 -4.68848964E-04  1.60558872E-03
  2.58172115E-01  1.06862136E-04 -4.77482895E-04  1.63009773E-03
  2.59506338E-01  1.09083418E-04 -4.86267127E-04  1.65493859E-03
  2.60840560E-01  1.11349315E-04 -4.95204111E-04  1.68011500E-03
  2.62174783E-01  1.13660695E-04 -5.04296336E-04  1.70563070E-03
  2.63509006E-01  1.16018437E-04 -5.13546326E-04  1.73148946E-03
  2.64843229E-01  1.18423440E-04 -5.22956645E-04  1.75769505E-03
  2.66177452E-01  1.20876620E-04 -5.32529895E-04  1.78425131E-03
  2.67511674E-01  1.23378907E-04 -5.42268717E-04  1.81116207E-03
  2.68845897E-01  1.25931252E-04 -5.52175789E-04  1.83843120E-03
  2.70180120E-01  1.28534622E-04 -5.62253833E-04  1.86606259E-03
  2.71514343E-01  1.31190001E-04 -5.72505609E-04  1.89406016E-03
  2.72848566E-01  1.33898394E-04 -5.82933918E-04  1.92242786E-03
  2.74182789E-01  1.36660822E-04 -5.93541604E-04  1.95116965E-03
  2.75517011E-01  1.39478326E-04 -6.04331551E-04  1.98028953E-03
  2.76851234E-01  1.42351968E-04 -6.15306688E-04  2.00979152E-03
  2.78185457E-01  1.45282827E-04 -6.26469986E-04  2.03967966E-03
  2.79519680E-01  1.48272004E-04 -6.37824460E-04  2.06995802E-03
  2.80853903E-01  1.51320619E-04 -6.49373168E-04  2.10063068E-03
  2.82188125E-01  1.54429814E-04 -6.61119216E-04  2.13170177E-03
  2.83522348E-01  1.57600753E-04 -6.73065753E-04  2.16317541E-03
  2.84856571E-01  1.60834618E-04 -6.85215976E-04  2.19505578E-03
  2.86190794E-01  1.64132617E-04 -6.97573126E-04  2.22734704E-03
  2.87525017E-01  1.67495978E-04 -7.10140495E-04  2.26005341E-03
  2.88859239E-01  1.70925952E-04 -7.22921420E-04  2.29317912E-03
  2.90193462E-01  1.74423813E-04 -7.35919287E-04  2.32672840E-03
  2.91527685E-01  1.77990859E-04 -7.49137534E-04  2.36070554E-03
  2.92861908E-01  1.81628413E-04 -7.62579644E-04  2.39511481E-03
  2.94196131E-01  1.85337820E-04 -7.76249155E-04  2.42996054E-03
  2.95530354E-01  1.89120452E-04 -7.90149654E-04  2.46524704E-03
  2.96864576E-01  1.92977704E-04 -8.04284780E-04  2.50097867E-03
  2.98198799E-01  1.96910999E-04 -8.18658224E-04  2.53715980E-03
  2.99533022E-01  2.00921785E-04 -8.33273731E-04  2.57379482E-03
  3.00867245E-01  2.05011536E-04 -8.48135099E-04  2.61088812E-03
  3.02201468E-01  2.09181755E-04 -8.63246181E-04  2.64844413E-03
  3.03535690E-01  2.13433971E-04 -8.78610885E-04  2.68646728E-03
  3.04869913E-01  2.17769742E-04 -8.94233174E-04  2.72496204E-03
  3.06204136E-01  2.22190653E-04 -9.10117069E-04  2.76393288E-03
  3.07538359E-01  2.26698319E-04 -9.26266647E-04  2.80338427E-03
  3.08872582E-01  2.31294387E-04 -9.42686044E-04  2.84332072E-03
  3.10206805E-01  2.35980529E-04 -9.59379452E-04  2.88374674E-03
  3.11541027E-01  2.40758453E-04 -9.76351126E-04  2.92466687E-03
  3.12875250E-01  2.45629893E-04 -9.93605380E-04  2.96608564E-03
  3.14209473E-01  2.50596620E-04 -1.01114659E-03  3.00800759E-03
  3.15543696E-01  2.55660433E-04 -1.02897918E-03  3.05043731E-03
  3.16877919E-01  2.60823166E-04 -1.04710766E-03  3.09337935E-03
  3.18212141E-01  2.66086686E-04 -1.06553660E-03  3.13683831E-03
  3.19546364E-01  2.71452894E-04 -1.08427060E-03  3.18081876E-03
  3.20880587E-01  2.76923726E-04 -1.10331437E-03  3.22532533E-03
  3.22214810E-01  2.82501151E-04 -1.12267266E-03  3.27036260E-03
  3.23549033E-01  2.88187178E-04 -1.14235028E-03  3.31593520E-03
  3.24883256E-01  2.93983849E-04 -1.16235214E-03  3.36204774E-03
  3.26217478E-01  2.99893245E-04 -1.18268317E-03  3.40870484E-03
  3.27551701E-01  3.05917483E-04 -1.20334842E-03  3.45591115E-03
  3.28885924E-01  3.12058720E-04 -1.22435297E-03  3.50367128E-03
  3.30220147E-01  3.18319151E-04 -1.24570199E-03  3.55198986E-03
  3.31554370E-01  3.24701013E-04 -1.26740071E-03  3.60087154E-03
  3.32888592E-01  3.31206580E-04 -1.28945444E-03  3.65032093E-03
  3.34222815E-01  3.37838170E-04 -1.31186856E-03  3.70034269E-03
  3.35557038E-01  3.44598141E-04 -1.33464852E-03  3.75094142E-03
  3.36891261E-01  3.51488896E-04 -1.35779986E-03  3.80212176E-03
  3.38225484E-01  3.58512879E-04 -1.38132817E-03  3.85388833E-03
  3.39559706E-01  3.65672579E-04 -1.40523913E-03  3.90624575E-03
  3.40893929E-01  3.72970531E-04 -1.42953851E-03  3.95919861E-03
  3.42228152E-01  3.80409313E-04 -1.45423213E-03  4.01275153E-03
  3.43562375E-01  3.87991553E-04 -1.47932591E-03  4.06690909E-03
  3.44896598E-01  3.95719923E-04 -1.50482584E-03  4.12167587E-03
  3.46230821E-01  4.03597146E-04 -1.53073799E-03  4.17705644E-03
  3.47565043E-01  4.11625991E-04 -1.55706853E-03  4.23305535E-03
  3.48899266E-01  4.19809280E-04 -1.58382369E-03  4.28967714E-03
  3.50233489E-01  4.28149883E-04 -1.61100979E-03  4.34692634E-03
  3.51567712E-01  4.36650722E-04 -1.63863323E-03  4.40480745E-03
  3.52901935E-01  4.45314774E-04 -1.66670051E-03  4.46332495E-03
  3.54236157E-01  4.54145065E-04 -1.69521820E-03  4.52248331E-03
  3.55570380E-01  4.63144679E-04 -1.72419297E-03  4.58228698E-03
  3.56904603E-01  4.72316754E-04 -1.75363157E-03  4.64274037E-03
  3.58238826E-01  4.81664483E-04 -1.78354084E-03  4.70384788E-03
  3.59573049E-01  4.91191119E-04 -1.81392771E-03  4.76561386E-03
  3.60907272E-01  5.00899969E-04 -1.84479920E-03  4.82804268E-03
  3.62241494E-01  5.10794402E-04 -1.87616243E-03  4.89113861E-03
  3.63575717E-01  5.20877847E-04 -1.90802461E-03  4.95490595E-03
  3.64909940E-01  5.31153794E-04 -1.94039304E-03  5.01934894E-03
  3.66244163E-01  5.41625795E-04 -1.97327511E-03  5.08447177E-03
  3.67578386E-01  5.52297464E-04 -2.00667832E-03  5.15027862E-03
  3.68912608E-01  5.63172481E-04 -2.04061026E-03  5.21677361E-03
  3.70246831E-01  5.74254592E-04 -2.07507861E-03  5.28396082E-03
  3.71581054E-01  5.85547608E-04 -2.11009115E-03  5.35184430E-03
  3.72915277E-01  5.97055409E-04 -2.14565579E-03  5.42042804E-03
  3.74249500E-01  6.08781944E-04 -2.18178050E-03  5.48971599E-03
  3.75583722E-01  6.20731230E-04 -2.21847337E-03  5.55971205E-03
  3.76917945E-01  6.32907358E-04 -2.25574261E-03  5.63042006E-03
  3.78252168E-01  6.45314490E-04 -2.29359650E-03  5.70184381E-03
  3.79586391E-01  6.57956863E-04 -2.33204345E-03  5.77398703E-03
  3.80920614E-01  6.70838787E-04 -2.37109197E-03  5.84685340E-03
  3.82254837E-01  6.83964651E-04 -2.41075067E-03  5.92044653E-03
  3.83589059E-01  6.97338919E-04 -2.45102829E-03  5.99476996E-03
  3.84923282E-01  7.10966136E-04 -2.49193365E-03  6.06982718E-03
  3.86257505E-01  7.24850926E-04 -2.53347571E-03  6.14562160E-03
  3.87591728E-01  7.38997996E-04 -2.57566351E-03  6.22215657E-03
  3.88925951E-01  7.53412134E-04 -2.61850624E-03  6.29943534E-03
  3.90260173E-01  7.68098215E-04 -2.66201317E-03  6.37746110E-03
  3.91594396E-01  7.83061198E-04 -2.70619371E-03  6.45623698E-03
  3.92928619E-01  7.98306130E-04 -2.75105738E-03  6.53576599E-03
  3.94262842E-01  8.13838147E-04 -2.79661380E-03  6.61605108E-03
  3.95597065E-01  8.29662476E-04 -2.84287272E-03  6.69709510E-03
  3.96931288E-01  8.45784434E-04 -2.88984403E-03  6.77890081E-03
  3.98265510E-01  8.62209434E-04 -2.93753770E-03  6.86147088E-03
  3.99599733E-01  8.78942981E-04 -2.98596387E-03  6.94480789E-03
  4.00933956E-01  8.95990681E-04 -3.03513275E-03  7.02891431E-03
  4.02268179E-01  9.13358234E-04 -3.08505472E-03  7.11379250E-03
  4.03602402E-01  9.31051442E-04 -3.13574026E-03  7.19944472E-03
  4.04936624E-01  9.49076209E-04 -3.18719998E-03  7.28587314E-03
  4.06270847E-01  9.67438542E-04 -3.23944463E-03  7.37307978E-03
  4.07605070E-01  9.86144552E-04 -3.29248507E-03  7.46106656E-03
  4.08939293E-01  1.00520046E-03 -3.34633229E-03  7.54983530E-03
  4.10273516E-01  1.02461259E-03 -3.40099744E-03  7.63938766E-03
  4.11607738E-01  1.04438738E-03 -3.45649177E-03  7.72972520E-03
  4.12941961E-01  1.06453139E-03 -3.51282667E-03  7.82084934E-03
  4.14276184E-01  1.08505127E-03 -3.57001368E-03  7.91276137E-03
  4.15610407E-01  1.10595382E-03 -3.62806445E-03  8.00546242E-03
  4.16944630E-01  1.12724592E-03 -3.68699079E-03  8.09895351E-03
  4.18278853E-01  1.14893460E-03 -3.74680464E-03  8.19323550E-03
  4.19613075E-01  1.17102701E-03 -3.80751808E-03  8.28830909E-03
  4.20947298E-01  1.19353040E-03 -3.86914332E-03  8.38417484E-03
  4.22281521E-01  1.21645216E-03 -3.93169272E-03  8.48083314E-03
  4.23615744E-01  1.23979983E-03 -3.99517877E-03  8.57828424E-03
  4.24949967E-01  1.26358105E-03 -4.05961414E-03  8.67652819E-03
  4.26284189E-01  1.28780361E-03 -4.12501160E-03  8.77556490E-03
  4.27618412E-01  1.31247543E-03 -4.19138408E-03  8.87539409E-03
  4.28952635E-01  1.33760456E-03 -4.25874468E-03  8.97601530E-03
  4.30286858E-01  1.36319919E-03 -4.32710661E-03  9.07742789E-03
  4.31621081E-01  1.38926768E-03 -4.39648326E-03  9.17963103E-03
  4.32955304E-01  1.41581850E-03 -4.46688815E-03  9.28262369E-03
  4.34289526E-01  1.44286028E-03 -4.53833497E-03  9.38640465E-03
  4.35623749E-01  1.47040180E-03 -4.61083754E-03  9.49097250E-03
  4.36957972E-01  1.49845199E-03 -4.68440984E-03  9.59632558E-03
  4.38292195E-01  1.52701994E-03 -4.75906603E-03  9.70246207E-03
  4.39626418E-01  1.55611488E-03 -4.83482039E-03  9.80937989E-03
  4.40960640E-01  1.58574623E-03 -4.91168737E-03  9.91707676E-03
  4.42294863E-01  1.61592353E-03 -4.98968159E-03  1.00255502E-02
  4.43629086E-01  1.64665653E-03 -5.06881780E-03  1.01347974E-02
  4.44963309E-01  1.67795511E-03 -5.14911095E-03  1.02448153E-02
  4.46297532E-01  1.70982934E-03 -5.23057611E-03  1.03556009E-02
  4.47631755E-01  1.74228946E-03 -5.31322853E-03  1.04671506E-02
  4.48965977E-01  1.77534589E-03 -5.39708364E-03  1.05794606E-02
  4.50300200E-01  1.80900921E-03 -5.48215700E-03  1.06925269E-02
  4.51634423E-01  1.84329021E-03 -5.56846437E-03  1.08063454E-02
  4.52968646E-01  1.87819985E-03 -5.65602163E-03  1.09209114E-02
  4.54302869E-01  1.91374927E-03 -5.74484488E-03  1.10362201E-02
  4.55637091E-01  1.94994981E-03 -5.83495035E-03  1.11522665E-02
  4.56971314E-01  1.98681301E-03 -5.92635445E-03  1.12690452E-02
  4.58305537E-01  2.02435061E-03 -6.01907376E-03  1.13865504E-02
  4.59639760E-01  2.06257452E-03 -6.11312503E-03  1.15047762E-02
  4.60973983E-01  2.10149689E-03 -6.20852519E-03  1.16237163E-02
  4.62308205E-01  2.14113007E-03 -6.30529133E-03  1.17433641E-02
  4.63642428E-01  2.18148660E-03 -6.40344071E-03  1.18637126E-02
  4.64976651E-01  2.22257926E-03 -6.50299078E-03  1.19847546E-02
  4.66310874E-01  2.26442103E-03 -6.60395915E-03  1.21064824E-02
  4.67645097E-01  2.30702512E-03 -6.70636362E-03  1.22288882E-02
  4.68979320E-01  2.35040497E-03 -6.81022214E-03  1.23519637E-02
  4.70313542E-01  2.39457423E-03 -6.91555287E-03  1.24757001E-02
  4.71647765E-01  2.43954681E-03 -7.02237413E-03  1.26000885E-02
  4.72981988E-01  2.48533683E-03 -7.13070442E-03  1.27251195E-02
  4.74316211E-01  2.53195867E-03 -7.24056242E-03  1.28507834E-02
  4.75650434E-01  2.57942694E-03 -7.35196698E-03  1.29770699E-02
  4.76984656E-01  2.62775651E-03 -7.46493715E-03  1.31039687E-02
  4.78318879E-01  2.67696248E-03 -7.57949214E-03  1.32314687E-02
  4.79653102E-01  2.72706025E-03 -7.69565137E-03  1.33595586E-02
  4.80987325E-01  2.77806543E-03 -7.81343441E-03  1.34882266E-02
  4.82321548E-01  2.82999393E-03 -7.93286103E-03  1.36174607E-02
  4.83655771E-01  2.88286192E-03 -8.05395118E-03  1.37472481E-02
  4.84989993E-01  2.93668583E-03 -8.17672499E-03  1.38775758E-02
  4.86324216E-01  2.99148239E-03 -8.30120279E-03  1.40084303E-02
  4.87658439E-01  3.04726861E-03 -8.42740506E-03  1.41397978E-02
  4.88992662E-01  3.10406176E-03 -8.55535250E-03  1.42716637E-02
  4.90326885E-01  3.16187943E-03 -8.68506598E-03  1.44040132E-02
  4.91661107E-01  3.22073951E-03 -8.81656654E-03  1.45368309E-02
  4.92995330E-01  3.28066017E-03 -8.94987544E-03  1.46701011E-02
  4.94329553E-01  3.34165989E-03 -9.08501410E-03  1.48038073E-02
  4.95663776E-01  3.40375748E-03 -9.22200412E-03  1.49379327E-02
  4.96997999E-01  3.46697206E-03 -9.36086731E-03  1.50724599E-02
  4.98332221E-01  3.53132305E-03 -9.50162565E-03  1.52073712E-02
  4.99666444E-01  3.59683022E-03 -9.64430130E-03  1.53426479E-02
  5.01000667E-01  3.66351368E-03 -9.78891663E-03  1.54782713E-02
  5.02334890E-01  3.73139384E-03 -9.93549415E-03  1.56142218E-02
  5.03669113E-01  3.80049150E-03 -1.00840566E-02  1.57504793E-02
  5.05003336E-01  3.87082778E-03 -1.02346269E-02  1.58870232E-02
  5.06337558E-01  3.94242415E-03 -1.03872281E-02  1.60238323E-02
  5.07671781E-01  4.01530245E-03 -1.05418836E-02  1.61608848E-02
  5.09006004E-01  4.08948491E-03 -1.06986167E-02  1.62981583E-02
  5.10340227E-01  4.16499408E-03 -1.08574511E-02  1.64356298E-02
  5.11674450E-01  4.24185293E-03 -1.10184107E-02  1.65732757E-02
  5.13008672E-01  4.32008481E-03 -1.11815194E-02  1.67110718E-02
  5.14342895E-01  4.39971343E-03 -1.13468015E-02  1.68489932E-02
  5.15677118E-01  4.48076294E-03 -1.15142813E-02  1.69870143E-02
  5.17011341E-01  4.56325785E-03 -1.16839833E-02  1.71251091E-02
  5.18345564E-01  4.64722311E-03 -1.18559323E-02  1.72632506E-02
  5.19679787E-01  4.73268407E-03 -1.20301533E-02  1.74014113E-02
  5.21014009E-01  4.81966652E-03 -1.22066713E-02  1.75395631E-02
  5.22348232E-01  4.90819667E-03 -1.23855115E-02  1.76776771E-02
  5.23682455E-01  4.99830115E-03 -1.25666994E-02  1.78157236E-02
  5.25016678E-01  5.09000706E-03 -1.27502606E-02  1.79536723E-02
  5.26350901E-01  5.18334193E-03 -1.29362209E-02  1.80914922E-02
  5.27685123E-01  5.27833377E-03 -1.31246063E-02  1.82291515E-02
  5.29019346E-01  5.37501104E-03 -1.33154428E-02  1.83666176E-02
  5.30353569E-01  5.47340267E-03 -1.35087568E-02  1.85038573E-02
  5.31687792E-01  5.57353808E-03 -1.37045747E-02  1.86408365E-02
  5.33022015E-01  5.67544717E-03 -1.39029231E-02  1.87775203E-02
  5.34356237E-01  5.77916035E-03 -1.41038289E-02  1.89138732E-02
  5.35690460E-01  5.88470851E-03 -1.43073189E-02  1.90498585E-02
  5.37024683E-01  5.99212308E-03 -1.45134203E-02  1.91854392E-02
  5.38358906E-01  6.10143599E-03 -1.47221603E-02  1.93205771E-02
  5.39693129E-01  6.21267970E-03 -1.49335664E-02  1.94552332E-02
  5.41027352E-01  6.32588721E-03 -1.51476661E-02  1.95893679E-02
  5.42361574E-01  6.44109208E-03 -1.53644870E-02  1.97229404E-02
  5.43695797E-01  6.55832841E-03 -1.55840572E-02  1.98559094E-02
  5.45030020E-01  6.67763085E-03 -1.58064045E-02  1.99882323E-02
  5.46364243E-01  6.79903465E-03 -1.60315571E-02  2.01198659E-02
  5.47698466E-01  6.92257562E-03 -1.62595433E-02  2.02507660E-02
  5.49032688E-01  7.04829017E-03 -1.64903915E-02  2.03808876E-02
  5.50366911E-01  7.17621531E-03 -1.67241302E-02  2.05101845E-02
  5.51701134E-01  7.30638866E-03 -1.69607881E-02  2.06386098E-02
  5.53035357E-01  7.43884845E-03 -1.72003940E-02  2.07661157E-02
  5.54369580E-01  7.57363355E-03 -1.74429768E-02  2.08926531E-02
  5.55703803E-01  7.71078347E-03 -1.76885655E-02  2.10181723E-02
  5.57038025E-01  7.85033835E-03 -1.79371893E-02  2.11426223E-02
  5.58372248E-01  7.99233901E-03 -1.81888774E-02  2.12659514E-02
  5.59706471E-01  8.13682694E-03 -1.84436592E-02  2.13881067E-02
  5.61040694E-01  8.28384429E-03 -1.87015641E-02  2.15090343E-02
  5.62374917E-01  8.43343393E-03 -1.89626215E-02  2.16286792E-02
  5.63709139E-01  8.58563940E-03 -1.92268613E-02  2.17469856E-02
  5.65043362E-01  8.74050498E-03 -1.94943131E-02  2.18638964E-02
  5.66377585E-01  8.89807567E-03 -1.97650066E-02  2.19793535E-02
  5.67711808E-01  9.05839720E-03 -2.00389717E-02  2.20932978E-02
  5.69046031E-01  9.22151604E-03 -2.03162385E-02  2.22056691E-02
  5.70380254E-01  9.38747944E-03 -2.05968367E-02  2.23164058E-02
  5.71714476E-01  9.55633540E-03 -2.08807966E-02  2.24254456E-02
  5.73048699E-01  9.72813272E-03 -2.11681482E-02  2.25327249E-02
  5.74382922E-01  9.90292099E-03 -2.14589217E-02  2.26381790E-02
  5.75717145E-01  1.00807506E-02 -2.17531472E-02  2.27417419E-02
  5.77051368E-01  1.02616728E-02 -2.20508549E-02  2.28433466E-02
  5.78385590E-01  1.04457396E-02 -2.23520751E-02  2.29429249E-02
  5.79719813E-01  1.06330040E-02 -2.26568380E-02  2.30404074E-02
  5.81054036E-01  1.08235196E-02 -2.29651739E-02  2.31357234E-02
  5.82388259E-01  1.10173412E-02 -2.32771130E-02  2.32288013E-02
  5.83722482E-01  1.12145242E-02 -2.35926856E-02  2.33195679E-02
  5.85056704E-01  1.14151252E-02 -2.39119218E-02  2.34079491E-02
  5.86390927E-01  1.16192013E-02 -2.42348520E-02  2.34938694E-02
  5.87725150E-01  1.18268110E-02 -2.45615062E-02  2.35772520E-02
  5.89059373E-01  1.20380134E-02 -2.48919147E-02  2.36580190E-02
  5.90393596E-01  1.22528687E-02 -2.52261074E-02  2.37360910E-02
  5.91727819E-01  1.24714381E-02 -2.55641145E-02  2.38113877E-02
  5.93062041E-01  1.26937837E-02 -2.59059658E-02  2.38838271E-02
  5.94396264E-01  1.29199686E-02 -2.62516912E-02  2.39533261E-02
  5.95730487E-01  1.31500572E-02 -2.66013205E-02  2.40198004E-02
  5.97064710E-01  1.33841144E-02 -2.69548834E-02  2.40831642E-02
  5.98398933E-01  1.36222067E-02 -2.73124094E-02  2.41433305E-02
  5.99733155E-01  1.38644014E-02 -2.76739279E-02  2.42002107E-02
  6.01067378E-01  1.41107668E-02 -2.80394683E-02  2.42537153E-02
  6.02401601E-01  1.43613726E-02 -2.84090597E-02  2.43037530E-02
  6.03735824E-01  1.46162893E-02 -2.87827311E-02  2.43502315E-02
  6.05070047E-01  1.48755888E-02 -2.91605113E-02  2.43930569E-02
  6.06404270E-01  1.51393440E-02 -2.95424290E-02  2.44321340E-02
  6.07738492E-01  1.54076290E-02 -2.99285125E-02  2.44673662E-02
  6.09072715E-01  1.56805192E-02 -3.03187901E-02  2.44986557E-02
  6.10406938E-01  1.59580910E-02 -3.07132898E-02  2.45259029E-02
  6.11741161E-01  1.62404222E-02 -3.11120394E-02  2.45490071E-02
  6.13075384E-01  1.65275919E-02 -3.15150662E-02  2.45678661E-02
  6.14409606E-01  1.68196802E-02 -3.19223977E-02  2.45823764E-02
  6.15743829E-01  1.71167688E-02 -3.23340605E-02  2.45924328E-02
  6.17078052E-01  1.74189406E-02 -3.27500815E-02  2.45979290E-02
  6.18412275E-01  1.77262796E-02 -3.31704870E-02  2.45987570E-02
  6.19746498E-01  1.80388716E-02 -3.35953028E-02  2.45948076E-02
  6.21080720E-01  1.83568033E-02 -3.40245546E-02  2.45859699E-02
  6.22414943E-01  1.86801632E-02 -3.44582677E-02  2.45721318E-02
  6.23749166E-01  1.90090408E-02 -3.48964669E-02  2.45531796E-02
  6.25083389E-01  1.93435275E-02 -3.53391767E-02  2.45289982E-02
  6.26417612E-01  1.96837158E-02 -3.57864210E-02  2.44994711E-02
  6.27751835E-01  2.00296998E-02 -3.62382235E-02  2.44644802E-02
  6.29086057E-01  2.03815751E-02 -3.66946073E-02  2.44239061E-02
  6.30420280E-01  2.07394388E-02 -3.71555950E-02  2.43776278E-02
  6.31754503E-01  2.11033897E-02 -3.76212086E-02  2.43255231E-02
  6.33088726E-01  2.14735278E-02 -3.80914698E-02  2.42674680E-02
  6.34422949E-01  2.18499552E-02 -3.85663996E-02  2.42033373E-02
  6.35757171E-01  2.22327753E-02 -3.90460184E-02  2.41330043E-02
  6.37091394E-01  2.26220931E-02 -3.95303461E-02  2.40563407E-02
  6.38425617E-01  2.30180156E-02 -4.00194018E-02  2.39732171E-02
  6.39759840E-01  2.34206510E-02 -4.05132042E-02  2.38835022E-02
  6.41094063E-01  2.38301098E-02 -4.10117711E-02  2.37870637E-02
  6.42428286E-01  2.42465037E-02 -4.15151198E-02  2.36837676E-02
  6.43762508E-01  2.46699467E-02 -4.20232667E-02  2.35734785E-02
  6.45096731E-01  2.51005541E-02 -4.25362275E-02  2.34560597E-02
  6.46430954E-01  2.55384435E-02 -4.30540173E-02  2.33313730E-02
  6.47765177E-01  2.59837340E-02 -4.35766500E-02  2.31992788E-02
  6.49099400E-01  2.64365467E-02 -4.41041390E-02  2.30596362E-02
  6.50433622E-01  2.68970047E-02 -4.46364967E-02  2.29123028E-02
  6.51767845E-01  2.73652331E-02 -4.51737347E-02  2.27571348E-02
  6.53102068E-01  2.78413587E-02 -4.57158636E-02  2.25939874E-02
  6.54436291E-01  2.83255105E-02 -4.62628929E-02  2.24227139E-02
  6.55770514E-01  2.88178196E-02 -4.68148314E-02  2.22431667E-02
  6.57104736E-01  2.93184191E-02 -4.73716866E-02  2.20551968E-02
  6.58438959E-01  2.98274441E-02 -4.79334652E-02  2.18586537E-02
  6.59773182E-01  3.03450320E-02 -4.85001725E-02  2.16533858E-02
  6.61107405E-01  3.08713223E-02 -4.90718130E-02  2.14392403E-02
  6.62441628E-01  3.14064566E-02 -4.96483898E-02  2.12160631E-02
  6.63775851E-01  3.19505789E-02 -5.02299048E-02  2.09836987E-02
  6.65110073E-01  3.25038353E-02 -5.08163587E-02  2.07419907E-02
  6.66444296E-01  3.30663744E-02 -5.14077512E-02  2.04907813E-02
  6.67778519E-01  3.36383469E-02 -5.20040801E-02  2.02299117E-02
  6.69112742E-01  3.42199061E-02 -5.26053424E-02  1.99592219E-02
  6.70446965E-01  3.48112076E-02 -5.32115333E-02  1.96785508E-02
  6.71781187E-01  3.54124094E-02 -5.38226468E-02  1.93877363E-02
  6.73115410E-01  3.60236721E-02 -5.44386753E-02  1.90866153E-02
  6.74449633E-01  3.66451587E-02 -5.50596097E-02  1.87750236E-02
  6.75783856E-01  3.72770348E-02 -5.56854393E-02  1.84527961E-02
  6.77118079E-01  3.79194687E-02 -5.63161517E-02  1.81197667E-02
  6.78452302E-01  3.85726311E-02 -5.69517331E-02  1.77757685E-02
  6.79786524E-01  3.92366955E-02 -5.75921677E-02  1.74206337E-02
  6.81120747E-01  3.99118383E-02 -5.82374379E-02  1.70541938E-02
  6.82454970E-01  4.05982384E-02 -5.88875246E-02  1.66762792E-02
  6.83789193E-01  4.12960776E-02 -5.95424065E-02  1.62867201E-02
  6.85123416E-01  4.20055406E-02 -6.02020606E-02  1.58853455E-02
  6.86457638E-01  4.27268148E-02 -6.08664617E-02  1.54719842E-02
  6.87791861E-01  4.34600906E-02 -6.15355827E-02  1.50464642E-02
  6.89126084E-01  4.42055616E-02 -6.22093945E-02  1.46086129E-02
  6.90460307E-01  4.49634241E-02 -6.28878656E-02  1.41582574E-02
  6.91794530E-01  4.57338777E-02 -6.35709626E-02  1.36952244E-02
  6.93128753E-01  4.65171249E-02 -6.42586496E-02  1.32193401E-02
  6.94462975E-01  4.73133715E-02 -6.49508883E-02  1.27304306E-02
  6.95797198E-01  4.81228265E-02 -6.56476384E-02  1.22283215E-02
  6.97131421E-01  4.89457021E-02 -6.63488567E-02  1.17128386E-02
  6.98465644E-01  4.97822138E-02 -6.70544977E-02  1.11838073E-02
  6.99799867E-01  5.06325804E-02 -6.77645134E-02  1.06410531E-02
  7.01134089E-01  5.14970243E-02 -6.84788529E-02  1.00844016E-02
  7.02468312E-01  5.23757712E-02 -6.91974627E-02  9.51367850E-03
  7.03802535E-01  5.32690503E-02 -6.99202866E-02  8.92870968E-03
  7.05136758E-01  5.41770943E-02 -7.06472654E-02  8.32932134E-03
  7.06470981E-01  5.51001397E-02 -7.13783370E-02  7.71534005E-03
  7.07805203E-01  5.60384265E-02 -7.21134362E-02  7.08659288E-03
  7.09139426E-01  5.69921985E-02 -7.28524949E-02  6.44290743E-03
  7.10473649E-01  5.79617032E-02 -7.35954416E-02  5.78411195E-03
  7.11807872E-01  5.89471921E-02 -7.43422016E-02  5.11003549E-03
  7.13142095E-01  5.99489203E-02 -7.50926971E-02  4.42050789E-03
  7.14476318E-01  6.09671471E-02 -7.58468466E-02  3.71536001E-03
  7.15810540E-01  6.20021357E-02 -7.66045652E-02  2.99442374E-03
  7.17144763E-01  6.30541535E-02 -7.73657644E-02  2.25753216E-03
  7.18478986E-01  6.41234717E-02 -7.81303520E-02  1.50451965E-03
  7.19813209E-01  6.52103660E-02 -7.88982321E-02  7.35221988E-04
  7.21147432E-01  6.63151163E-02 -7.96693048E-02 -5.05234921E-05
  7.22481654E-01  6.74380067E-02 -8.04434663E-02 -8.52877804E-04
  7.23815877E-01  6.85793258E-02 -8.12206089E-02 -1.67200017E-03
  7.25150100E-01  6.97393666E-02 -8.20006206E-02 -2.50804787E-03
  7.26484323E-01  7.09184264E-02 -8.27833851E-02 -3.36117613E-03
  7.27818546E-01  7.21168075E-02 -8.35687818E-02 -4.23153796E-03
  7.29152769E-01  7.33348165E-02 -8.43566856E-02 -5.11928401E-03
  7.30486991E-01  7.45727649E-02 -8.51469671E-02 -6.02456242E-03
  7.31821214E-01  7.58309688E-02 -8.59394917E-02 -6.94751866E-03
  7.33155437E-01  7.71097494E-02 -8.67341206E-02 -7.88829537E-03
  7.34489660E-01  7.84094326E-02 -8.75307097E-02 -8.84703220E-03
  7.35823883E-01  7.97303495E-02 -8.83291101E-02 -9.82386562E-03
  7.37158105E-01  8.10728361E-02 -8.91291675E-02 -1.08189288E-02
  7.38492328E-01  8.24372337E-02 -8.99307227E-02 -1.18323512E-02
  7.39826551E-01  8.38238886E-02 -9.07336109E-02 -1.28642589E-02
  7.41160774E-01  8.52331527E-02 -9.15376619E-02 -1.39147739E-02
  7.42494997E-01  8.66653830E-02 -9.23426998E-02 -1.49840139E-02
  7.43829219E-01  8.81209423E-02 -9.31485430E-02 -1.60720926E-02
  7.45163442E-01  8.96001986E-02 -9.39550040E-02 -1.71791190E-02
  7.46497665E-01  9.11035256E-02 -9.47618894E-02 -1.83051975E-02
  7.47831888E-01  9.26313030E-02 -9.55689994E-02 -1.94504274E-02
  7.49166111E-01  9.41839159E-02 -9.63761280E-02 -2.06149029E-02
  7.50500334E-01  9.57617554E-02 -9.71830630E-02 -2.17987129E-02
  7.51834556E-01  9.73652188E-02 -9.79895852E-02 -2.30019404E-02
  7.53168779E-01  9.89947092E-02 -9.87954690E-02 -2.42246626E-02
  7.54503002E-01  1.00650636E-01 -9.96004818E-02 -2.54669507E-02
  7.55837225E-01  1.02333414E-01 -1.00404384E-01 -2.67288692E-02
  7.57171448E-01  1.04043466E-01 -1.01206929E-01 -2.80104762E-02
  7.58505670E-01  1.05781220E-01 -1.02007862E-01 -2.93118225E-02
  7.59839893E-01  1.07547111E-01 -1.02806921E-01 -3.06329520E-02
  7.61174116E-01  1.09341580E-01 -1.03603838E-01 -3.19739009E-02
  7.62508339E-01  1.11165076E-01 -1.04398335E-01 -3.33346976E-02
  7.63842562E-01  1.13018052E-01 -1.05190127E-01 -3.47153622E-02
  7.65176785E-01  1.14900972E-01 -1.05978920E-01 -3.61159067E-02
  7.66511007E-01  1.16814303E-01 -1.06764413E-01 -3.75363339E-02
  7.67845230E-01  1.18758522E-01 -1.07546295E-01 -3.89766378E-02
  7.69179453E-01  1.20734112E-01 -1.08324247E-01 -4.04368029E-02
  7.70513676E-01  1.22741564E-01 -1.09097941E-01 -4.19168038E-02
  7.71847899E-01  1.24781375E-01 -1.09867039E-01 -4.34166050E-02
  7.73182121E-01  1.26854050E-01 -1.10631196E-01 -4.49361606E-02
  7.74516344E-01  1.28960103E-01 -1.11390055E-01 -4.64754135E-02
  7.75850567E-01  1.31100055E-01 -1.12143251E-01 -4.80342956E-02
  7.77184790E-01  1.33274435E-01 -1.12890407E-01 -4.96127271E-02
  7.78519013E-01  1.35483778E-01 -1.13631138E-01 -5.12106159E-02
  7.79853235E-01  1.37728630E-01 -1.14365048E-01 -5.28278576E-02
  7.81187458E-01  1.40009543E-01 -1.15091729E-01 -5.44643347E-02
  7.82521681E-01  1.42327080E-01 -1.15810765E-01 -5.61199167E-02
  7.83855904E-01  1.44681810E-01 -1.16521726E-01 -5.77944588E-02
  7.85190127E-01  1.47074311E-01 -1.17224173E-01 -5.94878022E-02
  7.86524350E-01  1.49505171E-01 -1.17917654E-01 -6.11997734E-02
  7.87858572E-01  1.51974985E-01 -1.18601706E-01 -6.29301835E-02
  7.89192795E-01  1.54484358E-01 -1.19275854E-01 -6.46788279E-02
  7.90527018E-01  1.57033905E-01 -1.19939611E-01 -6.64454860E-02
  7.91861241E-01  1.59624248E-01 -1.20592475E-01 -6.82299201E-02
  7.93195464E-01  1.62256020E-01 -1.21233936E-01 -7.00318755E-02
  7.94529686E-01  1.64929864E-01 -1.21863467E-01 -7.18510795E-02
  7.95863909E-01  1.67646431E-01 -1.22480529E-01 -7.36872411E-02
  7.97198132E-01  1.70406382E-01 -1.23084570E-01 -7.55400503E-02
  7.98532355E-01  1.73210389E-01 -1.23675023E-01 -7.74091777E-02
  7.99866578E-01  1.76059134E-01 -1.24251308E-01 -7.92942735E-02
  8.01200801E-01  1.78953308E-01 -1.24812829E-01 -8.11949673E-02
  8.02535023E-01  1.81893613E-01 -1.25358978E-01 -8.31108673E-02
  8.03869246E-01  1.84880762E-01 -1.25889129E-01 -8.50415597E-02
  8.05203469E-01  1.87915479E-01 -1.26402643E-01 -8.69866079E-02
  8.06537692E-01  1.90998496E-01 -1.26898864E-01 -8.89455521E-02
  8.07871915E-01  1.94130560E-01 -1.27377120E-01 -9.09179083E-02
  8.09206137E-01  1.97312426E-01 -1.27836724E-01 -9.29031678E-02
  8.10540360E-01  2.00544862E-01 -1.28276971E-01 -9.49007963E-02
  8.11874583E-01  2.03828647E-01 -1.28697140E-01 -9.69102336E-02
  8.13208806E-01  2.07164572E-01 -1.29096493E-01 -9.89308920E-02
  8.14543029E-01  2.10553437E-01 -1.29474272E-01 -1.00962157E-01
  8.15877252E-01  2.13996059E-01 -1.29829704E-01 -1.03003383E-01
  8.17211474E-01  2.17493264E-01 -1.30161997E-01 -1.05053900E-01
  8.18545697E-01  2.21045889E-01 -1.30470339E-01 -1.07113002E-01
  8.19879920E-01  2.24654787E-01 -1.30753900E-01 -1.09179956E-01
  8.21214143E-01  2.28320821E-01 -1.31011830E-01 -1.11253995E-01
  8.22548366E-01  2.32044867E-01 -1.31243260E-01 -1.13334320E-01
  8.23882588E-01  2.35827817E-01 -1.31447299E-01 -1.15420099E-01
  8.25216811E-01  2.39670572E-01 -1.31623039E-01 -1.17510464E-01
  8.26551034E-01  2.43574049E-01 -1.31769546E-01 -1.19604512E-01
  8.27885257E-01  2.47539178E-01 -1.31885869E-01 -1.21701304E-01
  8.29219480E-01  2.51566903E-01 -1.31971032E-01 -1.23799862E-01
  8.30553702E-01  2.55658181E-01 -1.32024040E-01 -1.25899170E-01
  8.31887925E-01  2.59813985E-01 -1.32043871E-01 -1.27998174E-01
  8.33222148E-01  2.64035301E-01 -1.32029483E-01 -1.30095777E-01
  8.34556371E-01  2.68323130E-01 -1.31979810E-01 -1.32190841E-01
  8.35890594E-01  2.72678487E-01 -1.31893761E-01 -1.34282186E-01
  8.37224817E-01  2.77102404E-01 -1.31770221E-01 -1.36368587E-01
  8.38559039E-01  2.81595927E-01 -1.31608049E-01 -1.38448774E-01
  8.39893262E-01  2.86160116E-01 -1.31406081E-01 -1.40521430E-01
  8.41227485E-01  2.90796050E-01 -1.31163124E-01 -1.42585192E-01
  8.42561708E-01  2.95504821E-01 -1.30877961E-01 -1.44638648E-01
  8.43895931E-01  3.00287539E-01 -1.30549346E-01 -1.46680333E-01
  8.45230153E-01  3.05145329E-01 -1.30176006E-01 -1.48708735E-01
  8.46564376E-01  3.10079333E-01 -1.29756641E-01 -1.50722286E-01
  8.47898599E-01  3.15090711E-01 -1.29289922E-01 -1.52719364E-01
  8.49232822E-01  3.20180639E-01 -1.28774490E-01 -1.54698295E-01
  8.50567045E-01  3.25350309E-01 -1.28208956E-01 -1.56657344E-01
  8.51901268E-01  3.30600934E-01 -1.27591903E-01 -1.58594720E-01
  8.53235490E-01  3.35933742E-01 -1.26921881E-01 -1.60508571E-01
  8.54569713E-01  3.41349980E-01 -1.26197409E-01 -1.62396985E-01
  8.55903936E-01  3.46850913E-01 -1.25416975E-01 -1.64257986E-01
  8.57238159E-01  3.52437825E-01 -1.24579034E-01 -1.66089535E-01
  8.58572382E-01  3.58112018E-01 -1.23682006E-01 -1.67889525E-01
  8.59906604E-01  3.63874815E-01 -1.22724280E-01 -1.69655783E-01
  8.61240827E-01  3.69727556E-01 -1.21704208E-01 -1.71386066E-01
  8.62575050E-01  3.75671603E-01 -1.20620108E-01 -1.73078060E-01
  8.63909273E-01  3.81708336E-01 -1.19470263E-01 -1.74729379E-01
  8.65243496E-01  3.87839156E-01 -1.18252918E-01 -1.76337561E-01
  8.66577718E-01  3.94065486E-01 -1.16966280E-01 -1.77900068E-01
  8.67911941E-01  4.00388766E-01 -1.15608522E-01 -1.79414286E-01
  8.69246164E-01  4.06810461E-01 -1.14177774E-01 -1.80877517E-01
  8.70580387E-01  4.13332056E-01 -1.12672130E-01 -1.82286983E-01
  8.71914610E-01  4.19955057E-01 -1.11089642E-01 -1.83639823E-01
  8.73248833E-01  4.26680993E-01 -1.09428322E-01 -1.84933089E-01
  8.74583055E-01  4.33511414E-01 -1.07686141E-01 -1.86163743E-01
  8.75917278E-01  4.40447895E-01 -1.05861025E-01 -1.87328659E-01
  8.77251501E-01  4.47492032E-01 -1.03950861E-01 -1.88424619E-01
  8.78585724E-01  4.54645444E-01 -1.01953489E-01 -1.89448308E-01
  8.79919947E-01  4.61909776E-01 -9.98667066E-02 -1.90396316E-01
  8.81254169E-01  4.69286694E-01 -9.76882635E-02 -1.91265133E-01
  8.82588392E-01  4.76777890E-01 -9.54158649E-02 -1.92051148E-01
  8.83922615E-01  4.84385080E-01 -9.30471679E-02 -1.92750646E-01
  8.85256838E-01  4.92110007E-01 -9.05797820E-02 -1.93359806E-01
  8.86591061E-01  4.99954435E-01 -8.80112675E-02 -1.93874697E-01
  8.87925284E-01  5.07920158E-01 -8.53391350E-02 -1.94291279E-01
  8.89259506E-01  5.16008994E-01 -8.25608443E-02 -1.94605396E-01
  8.90593729E-01  5.24222788E-01 -7.96738035E-02 -1.94812776E-01
  8.91927952E-01  5.32563411E-01 -7.66753681E-02 -1.94909028E-01
  8.93262175E-01  5.41032762E-01 -7.35628402E-02 -1.94889638E-01
  8.94596398E-01  5.49632767E-01 -7.03334672E-02 -1.94749970E-01
  8.95930620E-01  5.58365381E-01 -6.69844408E-02 -1.94485258E-01
  8.97264843E-01  5.67232585E-01 -6.35128966E-02 -1.94090606E-01
  8.98599066E-01  5.76236392E-01 -5.99159123E-02 -1.93560983E-01
  8.99933289E-01  5.85378840E-01 -5.61905071E-02 -1.92891224E-01
  9.01267512E-01  5.94662001E-01 -5.23336405E-02 -1.92076023E-01
  9.02601734E-01  6.04087974E-01 -4.83422115E-02 -1.91109932E-01
  9.03935957E-01  6.13658890E-01 -4.42130569E-02 -1.89987355E-01
  9.05270180E-01  6.23376908E-01 -3.99429509E-02 -1.88702548E-01
  9.06604403E-01  6.33244222E-01 -3.55286034E-02 -1.87249614E-01
  9.07938626E-01  6.43263056E-01 -3.09666593E-02 -1.85622501E-01
  9.09272849E-01  6.53435664E-01 -2.62536971E-02 -1.83814996E-01
  9.10607071E-01  6.63764336E-01 -2.13862274E-02 -1.81820722E-01
  9.11941294E-01  6.74251394E-01 -1.63606925E-02 -1.79633138E-01
  9.13275517E-01  6.84899191E-01 -1.11734645E-02 -1.77245530E-01
  9.14609740E-01  6.95710118E-01 -5.82084418E-03 -1.74651010E-01
  9.15943963E-01  7.06686597E-01 -2.99059892E-04 -1.71842513E-01
  9.17278185E-01  7.17831087E-01  5.39573380E-03 -1.68812790E-01
  9.18612408E-01  7.29146081E-01  1.12674575E-02 -1.65554408E-01
  9.19946631E-01  7.40634108E-01  1.73201081E-02 -1.62059743E-01
  9.21280854E-01  7.52297735E-01  2.35577604E-02 -1.58320977E-01
  9.22615077E-01  7.64139564E-01  2.99845684E-02 -1.54330091E-01
  9.23949300E-01  7.76162235E-01  3.66047666E-02 -1.50078867E-01
  9.25283522E-01  7.88368427E-01  4.34226715E-02 -1.45558876E-01
  9.26617745E-01  8.00760855E-01  5.04426830E-02 -1.40761479E-01
  9.27951968E-01  8.13342274E-01  5.76692858E-02 -1.35677821E-01
  9.29286191E-01  8.26115481E-01  6.51070513E-02 -1.30298825E-01
  9.30620414E-01  8.39083309E-01  7.27606384E-02 -1.24615187E-01
  9.31954636E-01  8.52248635E-01  8.06347958E-02 -1.18617375E-01
  9.33288859E-01  8.65614375E-01  8.87343629E-02 -1.12295619E-01
  9.34623082E-01  8.79183487E-01  9.70642719E-02 -1.05639909E-01
  9.35957305E-01  8.92958972E-01  1.05629549E-01 -9.86399885E-02
  9.37291528E-01  9.06943874E-01  1.14435317E-01 -9.12853508E-02
  9.38625751E-01  9.21141281E-01  1.23486795E-01 -8.35652318E-02
  9.39959973E-01  9.35554323E-01  1.32789302E-01 -7.54686058E-02
  9.41294196E-01  9.50186177E-01  1.42348258E-01 -6.69841795E-02
  9.42628419E-01  9.65040064E-01  1.52169185E-01 -5.81003861E-02
  9.43962642E-01  9.80119251E-01  1.62257712E-01 -4.88053800E-02
  9.45296865E-01  9.95427052E-01  1.72619570E-01 -3.90870307E-02
  9.46631087E-01  1.01096683E+00  1.83260602E-01 -2.89329167E-02
  9.47965310E-01  1.02674199E+00  1.94186760E-01 -1.83303194E-02
  9.49299533E-01  1.04275599E+00  2.05404106E-01 -7.26621726E-03
  9.50633756E-01  1.05901235E+00  2.16918818E-01  4.27272128E-03
  9.51967979E-01  1.07551461E+00  2.28737189E-01  1.63001436E-02
  9.53302201E-01  1.09226638E+00  2.40865629E-01  2.88300199E-02
  9.54636424E-01  1.10927132E+00  2.53310670E-01  4.18766497E-02
  9.55970647E-01  1.12653315E+00  2.66078964E-01  5.54546687E-02
  9.57304870E-01  1.14405563E+00  2.79177287E-01  6.95790560E-02
  9.58639093E-01  1.16184256E+00  2.92612542E-01  8.42651410E-02
  9.59973316E-01  1.17989783E+00  3.06391760E-01  9.95286106E-02
  9.61307538E-01  1.19822537E+00  3.20522101E-01  1.15385517E-01
  9.62641761E-01  1.21682914E+00  3.35010860E-01  1.31852283E-01
  9.63975984E-01  1.23571319E+00  3.49865466E-01  1.48945716E-01
  9.65310207E-01  1.25488162E+00  3.65093484E-01  1.66683006E-01
  9.66644430E-01  1.27433858E+00  3.80702620E-01  1.85081742E-01
  9.67978652E-01  1.29408827E+00  3.96700722E-01  2.04159916E-01
  9.69312875E-01  1.31413498E+00  4.13095780E-01  2.23935934E-01
  9.70647098E-01  1.33448304E+00  4.29895935E-01  2.44428620E-01
  9.71981321E-01  1.35513683E+00  4.47109473E-01  2.65657228E-01
  9.73315544E-01  1.37610081E+00  4.64744835E-01  2.87641451E-01
  9.74649767E-01  1.39737951E+00  4.82810614E-01  3.10401428E-01
  9.75983989E-01  1.41897750E+00  5.01315562E-01  3.33957754E-01
  9.77318212E-01  1.44089943E+00  5.20268588E-01  3.58331490E-01
  9.78652435E-01  1.46315002E+00  5.39678766E-01  3.83544168E-01
  9.79986658E-01  1.48573403E+00  5.59555335E-01  4.09617809E-01
  9.81320881E-01  1.50865633E+00  5.79907699E-01  4.36574924E-01
  9.82655103E-01  1.53192182E+00  6.00745435E-01  4.64438529E-01
  9.83989326E-01  1.55553548E+00  6.22078293E-01  4.93232154E-01
  9.85323549E-01  1.57950237E+00  6.43916200E-01  5.22979852E-01
  9.86657772E-01  1.60382763E+00  6.66269262E-01  5.53706211E-01
  9.87991995E-01  1.62851643E+00  6.89147766E-01  5.85436365E-01
  9.89326217E-01  1.65357406E+00  7.12562186E-01  6.18196004E-01
  9.90660440E-01  1.67900585E+00  7.36523184E-01  6.52011383E-01
  9.91994663E-01  1.70481723E+00  7.61041614E-01  6.86909338E-01
  9.93328886E-01  1.73101369E+00  7.86128525E-01  7.22917293E-01
  9.94663109E-01  1.75760081E+00  8.11795164E-01  7.60063274E-01
  9.95997332E-01  1.78458423E+00  8.38052979E-01  7.98375920E-01
  9.97331554E-01  1.81196969E+00  8.64913623E-01  8.37884497E-01
  9.98665777E-01  1.83976299E+00  8.92388956E-01  8.78618908E-01
  1.00000000E+00  1.86797003E+00  9.20491053E-01  9.20609705E-01
